INFO:root:# 85
INFO:root:Habitica 描述更新成功
INFO:root:# 87
INFO:root:Habitica 描述更新成功
INFO:root:# 87
INFO:root:Habitica 描述更新成功
INFO:root:# 1
INFO:root:Habitica 描述更新成功
INFO:root:# 1
INFO:root:Habitica 描述更新成功
INFO:root:# 2
INFO:root:Habitica 描述更新成功
INFO:root:# 2
INFO:root:Habitica 描述更新成功
INFO:root:# 3
INFO:root:Habitica 描述更新成功
INFO:root:# 3
INFO:root:Habitica 描述更新成功
INFO:root:# 4
INFO:root:Habitica 描述更新成功
INFO:root:# 4
INFO:root:Habitica 描述更新成功
INFO:root:# 5
INFO:root:队伍描述更新成功
INFO:root:# 5
ERROR:root:获取成员 d7a489cf-0c42-4f67-bd34-44c7dcc66425 的详细信息时出错: 429
ERROR:root:获取成员 f52990be-42cf-4504-8bb5-4cb24db403c5 的详细信息时出错: 429
ERROR:root:获取成员 fa8792fd-a71d-41a5-8c6d-3126a6ed7cec 的详细信息时出错: 429
ERROR:root:获取队伍时出错: 429, {"success":false,"error":"TooManyRequests","message":"This User ID or IP address has been rate limited due to an excess amount of requests to the Habitica API v3. More info can be found in the response headers and at https://habitica.fandom.com/wiki/Guidance_for_Comrades#Rules_for_Third-Party_Tools under the section Rate Limiting."}
INFO:root:队伍自动管理任务执行成功
INFO:root:# 6
INFO:root:队伍描述更新成功
INFO:root:# 6
ERROR:root:获取成员 d7a489cf-0c42-4f67-bd34-44c7dcc66425 的详细信息时出错: 429
ERROR:root:获取成员 f52990be-42cf-4504-8bb5-4cb24db403c5 的详细信息时出错: 429
ERROR:root:获取成员 fa8792fd-a71d-41a5-8c6d-3126a6ed7cec 的详细信息时出错: 429
ERROR:root:获取队伍时出错: 429, {"success":false,"error":"TooManyRequests","message":"This User ID or IP address has been rate limited due to an excess amount of requests to the Habitica API v3. More info can be found in the response headers and at https://habitica.fandom.com/wiki/Guidance_for_Comrades#Rules_for_Third-Party_Tools under the section Rate Limiting."}
INFO:root:队伍自动管理任务执行成功
2025-02-06 08:21:14,273 - INFO - # 8
2025-02-06 08:21:33,482 - INFO - 队伍描述更新成功
INFO:root:# 8
ERROR:root:获取成员 d7a489cf-0c42-4f67-bd34-44c7dcc66425 的详细信息时出错: 429
ERROR:root:获取成员 f52990be-42cf-4504-8bb5-4cb24db403c5 的详细信息时出错: 429
ERROR:root:获取成员 fa8792fd-a71d-41a5-8c6d-3126a6ed7cec 的详细信息时出错: 429
ERROR:root:获取队伍时出错: 429, {"success":false,"error":"TooManyRequests","message":"This User ID or IP address has been rate limited due to an excess amount of requests to the Habitica API v3. More info can be found in the response headers and at https://habitica.fandom.com/wiki/Guidance_for_Comrades#Rules_for_Third-Party_Tools under the section Rate Limiting."}
INFO:root:队伍自动管理任务执行成功
2025-02-06 08:37:35,815 - INFO - # 10
2025-02-06 08:37:56,327 - INFO - 队伍描述更新成功
INFO:root:# 10
ERROR:root:获取成员 d7a489cf-0c42-4f67-bd34-44c7dcc66425 的详细信息时出错: 429
ERROR:root:获取成员 f52990be-42cf-4504-8bb5-4cb24db403c5 的详细信息时出错: 429
ERROR:root:获取成员 fa8792fd-a71d-41a5-8c6d-3126a6ed7cec 的详细信息时出错: 429
ERROR:root:获取队伍时出错: 429, {"success":false,"error":"TooManyRequests","message":"This User ID or IP address has been rate limited due to an excess amount of requests to the Habitica API v3. More info can be found in the response headers and at https://habitica.fandom.com/wiki/Guidance_for_Comrades#Rules_for_Third-Party_Tools under the section Rate Limiting."}
INFO:root:队伍自动管理任务执行成功
2025-02-06 08:41:40,562 - INFO - # 11
2025-02-06 08:42:03,163 - INFO - 队伍描述更新成功
INFO:root:# 11
ERROR:root:邀请用户时出错: 400, {"success":false,"error":"BadRequest","message":"只能通过用户ID，电子邮件或用户名进行邀请。"}
INFO:root:队伍自动管理任务执行成功
2025-02-06 08:45:35,163 - INFO - # 12
2025-02-06 08:45:56,572 - INFO - 队伍描述更新成功
INFO:root:# 12
ERROR:root:邀请用户时出错: 400, {"success":false,"error":"BadRequest","message":"只能通过用户ID，电子邮件或用户名进行邀请。"}
INFO:root:队伍自动管理任务执行成功
2025-02-06 08:51:46,185 - INFO - # 13
2025-02-06 08:52:08,586 - INFO - 队伍描述更新成功
INFO:root:# 13
ERROR:root:邀请用户时出错: 400, {"success":false,"error":"BadRequest","message":"只能通过用户ID，电子邮件或用户名进行邀请。"}
INFO:root:队伍自动管理任务执行成功
2025-02-06 08:59:41,780 - INFO - # 16
2025-02-06 09:00:03,393 - INFO - 队伍描述更新成功
INFO:root:# 16
ERROR:root:邀请用户时出错: 400, {"success":false,"error":"BadRequest","message":"邀请不能是空的。"}
INFO:root:队伍自动管理任务执行成功
2025-02-06 09:14:44,903 - INFO - # 19
2025-02-06 09:14:44,905 - DEBUG - Starting new HTTPS connection (1): sentence.iciba.com:443
2025-02-06 09:14:45,751 - DEBUG - https://sentence.iciba.com:443 "GET /?c=dailysentence&m=getTodaySentence HTTP/11" 200 None
2025-02-06 09:14:46,754 - DEBUG - Starting new HTTPS connection (1): habitica.com:443
2025-02-06 09:14:46,913 - DEBUG - https://habitica.com:443 "GET /api/v3/groups/party/members HTTP/11" 200 None
2025-02-06 09:14:47,916 - DEBUG - Starting new HTTPS connection (1): habitica.com:443
2025-02-06 09:14:48,141 - DEBUG - https://habitica.com:443 "GET /api/v3/members/09d5fabe-2754-4785-8e41-6304fab53246 HTTP/11" 200 None
2025-02-06 09:14:49,150 - DEBUG - Starting new HTTPS connection (1): habitica.com:443
2025-02-06 09:14:49,271 - DEBUG - https://habitica.com:443 "GET /api/v3/members/0c0f7c85-363c-48ca-a502-cc7fc154a177 HTTP/11" 200 None
2025-02-06 09:14:50,275 - DEBUG - Starting new HTTPS connection (1): habitica.com:443
2025-02-06 09:14:50,481 - DEBUG - https://habitica.com:443 "GET /api/v3/members/1347f170-5bff-4012-920a-afc7a40a86d1 HTTP/11" 200 None
2025-02-06 09:14:51,484 - DEBUG - Starting new HTTPS connection (1): habitica.com:443
2025-02-06 09:14:51,786 - DEBUG - https://habitica.com:443 "GET /api/v3/members/1e8f9f06-e087-4ec9-8f84-2eec9f44953e HTTP/11" 200 None
2025-02-06 09:14:52,790 - DEBUG - Starting new HTTPS connection (1): habitica.com:443
2025-02-06 09:14:52,949 - DEBUG - https://habitica.com:443 "GET /api/v3/members/2228f1cf-0f01-44f5-8288-1948b57f24c8 HTTP/11" 200 None
2025-02-06 09:14:53,953 - DEBUG - Starting new HTTPS connection (1): habitica.com:443
2025-02-06 09:14:54,245 - DEBUG - https://habitica.com:443 "GET /api/v3/members/61fb3fd2-7588-4c00-be14-80925db41f3e HTTP/11" 200 None
2025-02-06 09:14:55,248 - DEBUG - Starting new HTTPS connection (1): habitica.com:443
2025-02-06 09:14:55,430 - DEBUG - https://habitica.com:443 "GET /api/v3/members/65f2c0bf-9ca5-461c-af41-a39c9c921878 HTTP/11" 200 None
2025-02-06 09:14:56,434 - DEBUG - Starting new HTTPS connection (1): habitica.com:443
2025-02-06 09:14:56,608 - DEBUG - https://habitica.com:443 "GET /api/v3/members/6ec29d00-a648-410d-9faf-09800d3eda25 HTTP/11" 200 None
2025-02-06 09:14:57,611 - DEBUG - Starting new HTTPS connection (1): habitica.com:443
2025-02-06 09:14:57,722 - DEBUG - https://habitica.com:443 "GET /api/v3/members/744f8c1d-9255-4c96-b718-f10900aaaae0 HTTP/11" 200 None
2025-02-06 09:14:58,725 - DEBUG - Starting new HTTPS connection (1): habitica.com:443
2025-02-06 09:14:58,874 - DEBUG - https://habitica.com:443 "GET /api/v3/members/81f65303-a333-4f77-bb67-df60a7797c41 HTTP/11" 200 None
2025-02-06 09:14:59,878 - DEBUG - Starting new HTTPS connection (1): habitica.com:443
2025-02-06 09:15:00,000 - DEBUG - https://habitica.com:443 "GET /api/v3/members/abc52830-5322-441f-aa49-907791cfc177 HTTP/11" 200 None
2025-02-06 09:15:01,007 - DEBUG - Starting new HTTPS connection (1): habitica.com:443
2025-02-06 09:15:01,162 - DEBUG - https://habitica.com:443 "GET /api/v3/members/b4c136e9-c93c-4195-8433-7faa5f0414a9 HTTP/11" 200 None
2025-02-06 09:15:02,166 - DEBUG - Starting new HTTPS connection (1): habitica.com:443
2025-02-06 09:15:02,295 - DEBUG - https://habitica.com:443 "GET /api/v3/members/d7a489cf-0c42-4f67-bd34-44c7dcc66425 HTTP/11" 200 None
2025-02-06 09:15:03,299 - DEBUG - Starting new HTTPS connection (1): habitica.com:443
2025-02-06 09:15:03,412 - DEBUG - https://habitica.com:443 "GET /api/v3/members/f52990be-42cf-4504-8bb5-4cb24db403c5 HTTP/11" 200 None
2025-02-06 09:15:04,415 - DEBUG - Starting new HTTPS connection (1): habitica.com:443
2025-02-06 09:15:04,592 - DEBUG - https://habitica.com:443 "GET /api/v3/members/fa8792fd-a71d-41a5-8c6d-3126a6ed7cec HTTP/11" 200 None
2025-02-06 09:15:05,596 - DEBUG - Starting new HTTPS connection (1): habitica.com:443
2025-02-06 09:15:05,910 - DEBUG - https://habitica.com:443 "PUT /api/v3/groups/party HTTP/11" 200 None
2025-02-06 09:15:05,957 - INFO - 队伍描述更新成功
2025-02-06 09:15:36,120 - INFO - # 19
2025-02-06 09:15:36,123 - DEBUG - Starting new HTTPS connection (1): habitica.com:443
2025-02-06 09:15:36,343 - DEBUG - https://habitica.com:443 "GET /api/v3/groups/party/members HTTP/11" 200 None
2025-02-06 09:15:37,347 - DEBUG - Starting new HTTPS connection (1): habitica.com:443
2025-02-06 09:15:37,459 - DEBUG - https://habitica.com:443 "GET /api/v3/members/09d5fabe-2754-4785-8e41-6304fab53246 HTTP/11" 200 None
2025-02-06 09:15:38,465 - DEBUG - Starting new HTTPS connection (1): habitica.com:443
2025-02-06 09:15:38,585 - DEBUG - https://habitica.com:443 "GET /api/v3/members/0c0f7c85-363c-48ca-a502-cc7fc154a177 HTTP/11" 200 None
2025-02-06 09:15:39,588 - DEBUG - Starting new HTTPS connection (1): habitica.com:443
2025-02-06 09:15:39,701 - DEBUG - https://habitica.com:443 "GET /api/v3/members/1347f170-5bff-4012-920a-afc7a40a86d1 HTTP/11" 200 None
2025-02-06 09:15:40,705 - DEBUG - Starting new HTTPS connection (1): habitica.com:443
2025-02-06 09:15:40,815 - DEBUG - https://habitica.com:443 "GET /api/v3/members/1e8f9f06-e087-4ec9-8f84-2eec9f44953e HTTP/11" 200 None
2025-02-06 09:15:41,818 - DEBUG - Starting new HTTPS connection (1): habitica.com:443
2025-02-06 09:15:41,982 - DEBUG - https://habitica.com:443 "GET /api/v3/members/2228f1cf-0f01-44f5-8288-1948b57f24c8 HTTP/11" 200 None
2025-02-06 09:15:42,986 - DEBUG - Starting new HTTPS connection (1): habitica.com:443
2025-02-06 09:15:43,155 - DEBUG - https://habitica.com:443 "GET /api/v3/members/61fb3fd2-7588-4c00-be14-80925db41f3e HTTP/11" 200 None
2025-02-06 09:15:44,159 - DEBUG - Starting new HTTPS connection (1): habitica.com:443
2025-02-06 09:15:44,338 - DEBUG - https://habitica.com:443 "GET /api/v3/members/65f2c0bf-9ca5-461c-af41-a39c9c921878 HTTP/11" 200 None
2025-02-06 09:15:45,342 - DEBUG - Starting new HTTPS connection (1): habitica.com:443
2025-02-06 09:15:45,456 - DEBUG - https://habitica.com:443 "GET /api/v3/members/6ec29d00-a648-410d-9faf-09800d3eda25 HTTP/11" 200 None
2025-02-06 09:15:46,459 - DEBUG - Starting new HTTPS connection (1): habitica.com:443
2025-02-06 09:15:46,584 - DEBUG - https://habitica.com:443 "GET /api/v3/members/744f8c1d-9255-4c96-b718-f10900aaaae0 HTTP/11" 200 None
2025-02-06 09:15:47,587 - DEBUG - Starting new HTTPS connection (1): habitica.com:443
2025-02-06 09:15:47,696 - DEBUG - https://habitica.com:443 "GET /api/v3/members/81f65303-a333-4f77-bb67-df60a7797c41 HTTP/11" 200 None
2025-02-06 09:15:48,699 - DEBUG - Starting new HTTPS connection (1): habitica.com:443
2025-02-06 09:15:48,834 - DEBUG - https://habitica.com:443 "GET /api/v3/members/abc52830-5322-441f-aa49-907791cfc177 HTTP/11" 200 None
2025-02-06 09:15:49,839 - DEBUG - Starting new HTTPS connection (1): habitica.com:443
2025-02-06 09:15:49,963 - DEBUG - https://habitica.com:443 "GET /api/v3/members/b4c136e9-c93c-4195-8433-7faa5f0414a9 HTTP/11" 200 None
2025-02-06 09:15:50,967 - DEBUG - Starting new HTTPS connection (1): habitica.com:443
2025-02-06 09:15:51,147 - DEBUG - https://habitica.com:443 "GET /api/v3/members/d7a489cf-0c42-4f67-bd34-44c7dcc66425 HTTP/11" 200 None
2025-02-06 09:15:52,150 - DEBUG - Starting new HTTPS connection (1): habitica.com:443
2025-02-06 09:15:52,370 - DEBUG - https://habitica.com:443 "GET /api/v3/members/f52990be-42cf-4504-8bb5-4cb24db403c5 HTTP/11" 200 None
2025-02-06 09:15:53,374 - DEBUG - Starting new HTTPS connection (1): habitica.com:443
2025-02-06 09:15:53,549 - DEBUG - https://habitica.com:443 "GET /api/v3/members/fa8792fd-a71d-41a5-8c6d-3126a6ed7cec HTTP/11" 200 None
2025-02-06 09:15:54,552 - DEBUG - Starting new HTTPS connection (1): habitica.com:443
2025-02-06 09:16:02,365 - DEBUG - https://habitica.com:443 "GET /api/v3/looking-for-party HTTP/11" 200 193
2025-02-06 09:16:02,366 - INFO - 队伍自动管理任务执行成功
2025-02-06 09:21:34,241 - INFO - # 20
2025-02-06 09:21:34,243 - DEBUG - Starting new HTTPS connection (1): sentence.iciba.com:443
2025-02-06 09:21:35,156 - DEBUG - https://sentence.iciba.com:443 "GET /?c=dailysentence&m=getTodaySentence HTTP/11" 200 None
2025-02-06 09:21:36,160 - DEBUG - Starting new HTTPS connection (1): habitica.com:443
2025-02-06 09:21:36,373 - DEBUG - https://habitica.com:443 "GET /api/v3/groups/party/members HTTP/11" 200 None
2025-02-06 09:21:37,376 - DEBUG - Starting new HTTPS connection (1): habitica.com:443
2025-02-06 09:21:37,577 - DEBUG - https://habitica.com:443 "GET /api/v3/members/09d5fabe-2754-4785-8e41-6304fab53246 HTTP/11" 200 None
2025-02-06 09:21:38,585 - DEBUG - Starting new HTTPS connection (1): habitica.com:443
2025-02-06 09:21:38,783 - DEBUG - https://habitica.com:443 "GET /api/v3/members/0c0f7c85-363c-48ca-a502-cc7fc154a177 HTTP/11" 200 None
2025-02-06 09:21:39,787 - DEBUG - Starting new HTTPS connection (1): habitica.com:443
2025-02-06 09:21:39,954 - DEBUG - https://habitica.com:443 "GET /api/v3/members/1347f170-5bff-4012-920a-afc7a40a86d1 HTTP/11" 200 None
2025-02-06 09:21:40,958 - DEBUG - Starting new HTTPS connection (1): habitica.com:443
2025-02-06 09:21:41,159 - DEBUG - https://habitica.com:443 "GET /api/v3/members/1e8f9f06-e087-4ec9-8f84-2eec9f44953e HTTP/11" 200 None
2025-02-06 09:21:42,162 - DEBUG - Starting new HTTPS connection (1): habitica.com:443
2025-02-06 09:21:42,303 - DEBUG - https://habitica.com:443 "GET /api/v3/members/2228f1cf-0f01-44f5-8288-1948b57f24c8 HTTP/11" 200 None
2025-02-06 09:21:43,307 - DEBUG - Starting new HTTPS connection (1): habitica.com:443
2025-02-06 09:21:43,449 - DEBUG - https://habitica.com:443 "GET /api/v3/members/61fb3fd2-7588-4c00-be14-80925db41f3e HTTP/11" 200 None
2025-02-06 09:21:44,453 - DEBUG - Starting new HTTPS connection (1): habitica.com:443
2025-02-06 09:21:44,579 - DEBUG - https://habitica.com:443 "GET /api/v3/members/65f2c0bf-9ca5-461c-af41-a39c9c921878 HTTP/11" 200 None
2025-02-06 09:21:45,583 - DEBUG - Starting new HTTPS connection (1): habitica.com:443
2025-02-06 09:21:45,784 - DEBUG - https://habitica.com:443 "GET /api/v3/members/6ec29d00-a648-410d-9faf-09800d3eda25 HTTP/11" 200 None
2025-02-06 09:21:46,788 - DEBUG - Starting new HTTPS connection (1): habitica.com:443
2025-02-06 09:21:47,006 - DEBUG - https://habitica.com:443 "GET /api/v3/members/744f8c1d-9255-4c96-b718-f10900aaaae0 HTTP/11" 200 None
2025-02-06 09:21:48,010 - DEBUG - Starting new HTTPS connection (1): habitica.com:443
2025-02-06 09:21:48,106 - DEBUG - https://habitica.com:443 "GET /api/v3/members/81f65303-a333-4f77-bb67-df60a7797c41 HTTP/11" 200 None
2025-02-06 09:21:49,110 - DEBUG - Starting new HTTPS connection (1): habitica.com:443
2025-02-06 09:21:49,307 - DEBUG - https://habitica.com:443 "GET /api/v3/members/abc52830-5322-441f-aa49-907791cfc177 HTTP/11" 200 None
2025-02-06 09:21:50,311 - DEBUG - Starting new HTTPS connection (1): habitica.com:443
2025-02-06 09:21:50,504 - DEBUG - https://habitica.com:443 "GET /api/v3/members/b4c136e9-c93c-4195-8433-7faa5f0414a9 HTTP/11" 200 None
2025-02-06 09:21:51,508 - DEBUG - Starting new HTTPS connection (1): habitica.com:443
2025-02-06 09:21:51,671 - DEBUG - https://habitica.com:443 "GET /api/v3/members/d7a489cf-0c42-4f67-bd34-44c7dcc66425 HTTP/11" 200 None
2025-02-06 09:21:52,675 - DEBUG - Starting new HTTPS connection (1): habitica.com:443
2025-02-06 09:21:52,771 - DEBUG - https://habitica.com:443 "GET /api/v3/members/f52990be-42cf-4504-8bb5-4cb24db403c5 HTTP/11" 200 None
2025-02-06 09:21:53,775 - DEBUG - Starting new HTTPS connection (1): habitica.com:443
2025-02-06 09:21:53,890 - DEBUG - https://habitica.com:443 "GET /api/v3/members/fa8792fd-a71d-41a5-8c6d-3126a6ed7cec HTTP/11" 200 None
2025-02-06 09:21:54,894 - DEBUG - Starting new HTTPS connection (1): habitica.com:443
2025-02-06 09:21:55,253 - DEBUG - https://habitica.com:443 "PUT /api/v3/groups/party HTTP/11" 200 None
2025-02-06 09:21:55,300 - INFO - 队伍描述更新成功
2025-02-06 09:22:25,460 - INFO - # 20
2025-02-06 09:22:25,463 - DEBUG - Starting new HTTPS connection (1): habitica.com:443
2025-02-06 09:22:25,697 - DEBUG - https://habitica.com:443 "GET /api/v3/groups/party/members HTTP/11" 200 None
2025-02-06 09:22:26,701 - DEBUG - Starting new HTTPS connection (1): habitica.com:443
2025-02-06 09:22:26,885 - DEBUG - https://habitica.com:443 "GET /api/v3/members/09d5fabe-2754-4785-8e41-6304fab53246 HTTP/11" 200 None
2025-02-06 09:22:27,891 - DEBUG - Starting new HTTPS connection (1): habitica.com:443
2025-02-06 09:22:27,989 - DEBUG - https://habitica.com:443 "GET /api/v3/members/0c0f7c85-363c-48ca-a502-cc7fc154a177 HTTP/11" 200 None
2025-02-06 09:22:28,992 - DEBUG - Starting new HTTPS connection (1): habitica.com:443
2025-02-06 09:22:29,161 - DEBUG - https://habitica.com:443 "GET /api/v3/members/1347f170-5bff-4012-920a-afc7a40a86d1 HTTP/11" 200 None
2025-02-06 09:22:30,164 - DEBUG - Starting new HTTPS connection (1): habitica.com:443
2025-02-06 09:22:30,423 - DEBUG - https://habitica.com:443 "GET /api/v3/members/1e8f9f06-e087-4ec9-8f84-2eec9f44953e HTTP/11" 200 None
2025-02-06 09:22:31,426 - DEBUG - Starting new HTTPS connection (1): habitica.com:443
2025-02-06 09:22:31,628 - DEBUG - https://habitica.com:443 "GET /api/v3/members/2228f1cf-0f01-44f5-8288-1948b57f24c8 HTTP/11" 200 None
2025-02-06 09:22:32,631 - DEBUG - Starting new HTTPS connection (1): habitica.com:443
2025-02-06 09:22:32,740 - DEBUG - https://habitica.com:443 "GET /api/v3/members/61fb3fd2-7588-4c00-be14-80925db41f3e HTTP/11" 200 None
2025-02-06 09:22:33,744 - DEBUG - Starting new HTTPS connection (1): habitica.com:443
2025-02-06 09:22:33,840 - DEBUG - https://habitica.com:443 "GET /api/v3/members/65f2c0bf-9ca5-461c-af41-a39c9c921878 HTTP/11" 200 None
2025-02-06 09:22:34,844 - DEBUG - Starting new HTTPS connection (1): habitica.com:443
2025-02-06 09:22:34,940 - DEBUG - https://habitica.com:443 "GET /api/v3/members/6ec29d00-a648-410d-9faf-09800d3eda25 HTTP/11" 200 None
2025-02-06 09:22:35,944 - DEBUG - Starting new HTTPS connection (1): habitica.com:443
2025-02-06 09:22:36,053 - DEBUG - https://habitica.com:443 "GET /api/v3/members/744f8c1d-9255-4c96-b718-f10900aaaae0 HTTP/11" 200 None
2025-02-06 09:22:37,057 - DEBUG - Starting new HTTPS connection (1): habitica.com:443
2025-02-06 09:22:37,212 - DEBUG - https://habitica.com:443 "GET /api/v3/members/81f65303-a333-4f77-bb67-df60a7797c41 HTTP/11" 200 None
2025-02-06 09:22:38,216 - DEBUG - Starting new HTTPS connection (1): habitica.com:443
2025-02-06 09:22:38,315 - DEBUG - https://habitica.com:443 "GET /api/v3/members/abc52830-5322-441f-aa49-907791cfc177 HTTP/11" 200 None
2025-02-06 09:22:39,320 - DEBUG - Starting new HTTPS connection (1): habitica.com:443
2025-02-06 09:22:39,419 - DEBUG - https://habitica.com:443 "GET /api/v3/members/b4c136e9-c93c-4195-8433-7faa5f0414a9 HTTP/11" 200 None
2025-02-06 09:22:40,422 - DEBUG - Starting new HTTPS connection (1): habitica.com:443
2025-02-06 09:22:40,712 - DEBUG - https://habitica.com:443 "GET /api/v3/members/d7a489cf-0c42-4f67-bd34-44c7dcc66425 HTTP/11" 200 None
2025-02-06 09:22:41,716 - DEBUG - Starting new HTTPS connection (1): habitica.com:443
2025-02-06 09:22:41,811 - DEBUG - https://habitica.com:443 "GET /api/v3/members/f52990be-42cf-4504-8bb5-4cb24db403c5 HTTP/11" 200 None
2025-02-06 09:22:42,814 - DEBUG - Starting new HTTPS connection (1): habitica.com:443
2025-02-06 09:22:42,923 - DEBUG - https://habitica.com:443 "GET /api/v3/members/fa8792fd-a71d-41a5-8c6d-3126a6ed7cec HTTP/11" 200 None
2025-02-06 09:22:43,926 - DEBUG - Starting new HTTPS connection (1): habitica.com:443
2025-02-06 09:22:50,697 - DEBUG - https://habitica.com:443 "GET /api/v3/looking-for-party HTTP/11" 200 None
2025-02-06 09:22:51,740 - DEBUG - Starting new HTTPS connection (1): habitica.com:443
2025-02-06 09:22:51,883 - DEBUG - https://habitica.com:443 "POST /api/v3/groups/party/invite HTTP/11" 200 360
2025-02-06 09:22:51,883 - INFO - 已向 ['1c171be5-5ec4-4925-b18d-8fffd6203226'] 发送邀请。
2025-02-06 09:22:51,884 - INFO - 队伍自动管理任务执行成功
2025-02-06 09:26:18,768 - INFO - # 21
2025-02-06 09:26:18,770 - DEBUG - Starting new HTTPS connection (1): sentence.iciba.com:443
2025-02-06 09:26:19,640 - DEBUG - https://sentence.iciba.com:443 "GET /?c=dailysentence&m=getTodaySentence HTTP/11" 200 None
2025-02-06 09:26:20,644 - DEBUG - Starting new HTTPS connection (1): habitica.com:443
2025-02-06 09:26:20,824 - DEBUG - https://habitica.com:443 "GET /api/v3/groups/party/members HTTP/11" 200 None
2025-02-06 09:26:21,834 - DEBUG - Starting new HTTPS connection (1): habitica.com:443
2025-02-06 09:26:21,979 - DEBUG - https://habitica.com:443 "GET /api/v3/members/09d5fabe-2754-4785-8e41-6304fab53246 HTTP/11" 200 None
2025-02-06 09:26:22,992 - DEBUG - Starting new HTTPS connection (1): habitica.com:443
2025-02-06 09:26:23,180 - DEBUG - https://habitica.com:443 "GET /api/v3/members/0c0f7c85-363c-48ca-a502-cc7fc154a177 HTTP/11" 200 None
2025-02-06 09:26:24,185 - DEBUG - Starting new HTTPS connection (1): habitica.com:443
2025-02-06 09:26:24,378 - DEBUG - https://habitica.com:443 "GET /api/v3/members/1347f170-5bff-4012-920a-afc7a40a86d1 HTTP/11" 200 None
2025-02-06 09:26:25,383 - DEBUG - Starting new HTTPS connection (1): habitica.com:443
2025-02-06 09:26:25,581 - DEBUG - https://habitica.com:443 "GET /api/v3/members/1e8f9f06-e087-4ec9-8f84-2eec9f44953e HTTP/11" 200 None
2025-02-06 09:26:26,585 - DEBUG - Starting new HTTPS connection (1): habitica.com:443
2025-02-06 09:26:26,732 - DEBUG - https://habitica.com:443 "GET /api/v3/members/2228f1cf-0f01-44f5-8288-1948b57f24c8 HTTP/11" 200 None
2025-02-06 09:26:27,737 - DEBUG - Starting new HTTPS connection (1): habitica.com:443
2025-02-06 09:26:27,951 - DEBUG - https://habitica.com:443 "GET /api/v3/members/61fb3fd2-7588-4c00-be14-80925db41f3e HTTP/11" 200 None
2025-02-06 09:26:28,956 - DEBUG - Starting new HTTPS connection (1): habitica.com:443
2025-02-06 09:26:29,087 - DEBUG - https://habitica.com:443 "GET /api/v3/members/65f2c0bf-9ca5-461c-af41-a39c9c921878 HTTP/11" 200 None
2025-02-06 09:26:30,091 - DEBUG - Starting new HTTPS connection (1): habitica.com:443
2025-02-06 09:26:30,297 - DEBUG - https://habitica.com:443 "GET /api/v3/members/6ec29d00-a648-410d-9faf-09800d3eda25 HTTP/11" 200 None
2025-02-06 09:26:31,301 - DEBUG - Starting new HTTPS connection (1): habitica.com:443
2025-02-06 09:26:31,418 - DEBUG - https://habitica.com:443 "GET /api/v3/members/744f8c1d-9255-4c96-b718-f10900aaaae0 HTTP/11" 200 None
2025-02-06 09:26:32,423 - DEBUG - Starting new HTTPS connection (1): habitica.com:443
2025-02-06 09:26:32,660 - DEBUG - https://habitica.com:443 "GET /api/v3/members/81f65303-a333-4f77-bb67-df60a7797c41 HTTP/11" 200 None
2025-02-06 09:26:33,665 - DEBUG - Starting new HTTPS connection (1): habitica.com:443
2025-02-06 09:26:33,798 - DEBUG - https://habitica.com:443 "GET /api/v3/members/abc52830-5322-441f-aa49-907791cfc177 HTTP/11" 200 None
2025-02-06 09:26:34,803 - DEBUG - Starting new HTTPS connection (1): habitica.com:443
2025-02-06 09:26:35,073 - DEBUG - https://habitica.com:443 "GET /api/v3/members/b4c136e9-c93c-4195-8433-7faa5f0414a9 HTTP/11" 200 None
2025-02-06 09:26:36,077 - DEBUG - Starting new HTTPS connection (1): habitica.com:443
2025-02-06 09:26:36,285 - DEBUG - https://habitica.com:443 "GET /api/v3/members/d7a489cf-0c42-4f67-bd34-44c7dcc66425 HTTP/11" 200 None
2025-02-06 09:26:37,289 - DEBUG - Starting new HTTPS connection (1): habitica.com:443
2025-02-06 09:26:37,419 - DEBUG - https://habitica.com:443 "GET /api/v3/members/f52990be-42cf-4504-8bb5-4cb24db403c5 HTTP/11" 200 None
2025-02-06 09:26:38,424 - DEBUG - Starting new HTTPS connection (1): habitica.com:443
2025-02-06 09:26:38,620 - DEBUG - https://habitica.com:443 "GET /api/v3/members/fa8792fd-a71d-41a5-8c6d-3126a6ed7cec HTTP/11" 200 None
2025-02-06 09:26:39,625 - DEBUG - Starting new HTTPS connection (1): habitica.com:443
2025-02-06 09:26:39,959 - DEBUG - https://habitica.com:443 "PUT /api/v3/groups/party HTTP/11" 200 None
2025-02-06 09:26:40,020 - INFO - 队伍描述更新成功
2025-02-06 09:27:10,207 - INFO - # 21
2025-02-06 09:27:10,209 - DEBUG - Starting new HTTPS connection (1): habitica.com:443
2025-02-06 09:27:10,369 - DEBUG - https://habitica.com:443 "GET /api/v3/groups/party/members HTTP/11" 200 None
2025-02-06 09:27:11,374 - DEBUG - Starting new HTTPS connection (1): habitica.com:443
2025-02-06 09:27:11,502 - DEBUG - https://habitica.com:443 "GET /api/v3/members/09d5fabe-2754-4785-8e41-6304fab53246 HTTP/11" 200 None
2025-02-06 09:27:12,509 - DEBUG - Starting new HTTPS connection (1): habitica.com:443
2025-02-06 09:27:12,698 - DEBUG - https://habitica.com:443 "GET /api/v3/members/0c0f7c85-363c-48ca-a502-cc7fc154a177 HTTP/11" 200 None
2025-02-06 09:27:13,703 - DEBUG - Starting new HTTPS connection (1): habitica.com:443
2025-02-06 09:27:13,810 - DEBUG - https://habitica.com:443 "GET /api/v3/members/1347f170-5bff-4012-920a-afc7a40a86d1 HTTP/11" 200 None
2025-02-06 09:27:14,814 - DEBUG - Starting new HTTPS connection (1): habitica.com:443
2025-02-06 09:27:14,992 - DEBUG - https://habitica.com:443 "GET /api/v3/members/1e8f9f06-e087-4ec9-8f84-2eec9f44953e HTTP/11" 200 None
2025-02-06 09:27:15,996 - DEBUG - Starting new HTTPS connection (1): habitica.com:443
2025-02-06 09:27:16,149 - DEBUG - https://habitica.com:443 "GET /api/v3/members/2228f1cf-0f01-44f5-8288-1948b57f24c8 HTTP/11" 200 None
2025-02-06 09:27:17,154 - DEBUG - Starting new HTTPS connection (1): habitica.com:443
2025-02-06 09:27:17,266 - DEBUG - https://habitica.com:443 "GET /api/v3/members/61fb3fd2-7588-4c00-be14-80925db41f3e HTTP/11" 200 None
2025-02-06 09:27:18,272 - DEBUG - Starting new HTTPS connection (1): habitica.com:443
2025-02-06 09:27:18,515 - DEBUG - https://habitica.com:443 "GET /api/v3/members/65f2c0bf-9ca5-461c-af41-a39c9c921878 HTTP/11" 200 None
2025-02-06 09:27:19,519 - DEBUG - Starting new HTTPS connection (1): habitica.com:443
2025-02-06 09:27:19,652 - DEBUG - https://habitica.com:443 "GET /api/v3/members/6ec29d00-a648-410d-9faf-09800d3eda25 HTTP/11" 200 None
2025-02-06 09:27:20,657 - DEBUG - Starting new HTTPS connection (1): habitica.com:443
2025-02-06 09:27:20,782 - DEBUG - https://habitica.com:443 "GET /api/v3/members/744f8c1d-9255-4c96-b718-f10900aaaae0 HTTP/11" 200 None
2025-02-06 09:27:21,787 - DEBUG - Starting new HTTPS connection (1): habitica.com:443
2025-02-06 09:27:22,006 - DEBUG - https://habitica.com:443 "GET /api/v3/members/81f65303-a333-4f77-bb67-df60a7797c41 HTTP/11" 200 None
2025-02-06 09:27:23,011 - DEBUG - Starting new HTTPS connection (1): habitica.com:443
2025-02-06 09:27:23,254 - DEBUG - https://habitica.com:443 "GET /api/v3/members/abc52830-5322-441f-aa49-907791cfc177 HTTP/11" 200 None
2025-02-06 09:27:24,264 - DEBUG - Starting new HTTPS connection (1): habitica.com:443
2025-02-06 09:27:24,425 - DEBUG - https://habitica.com:443 "GET /api/v3/members/b4c136e9-c93c-4195-8433-7faa5f0414a9 HTTP/11" 200 None
2025-02-06 09:27:25,429 - DEBUG - Starting new HTTPS connection (1): habitica.com:443
2025-02-06 09:27:25,591 - DEBUG - https://habitica.com:443 "GET /api/v3/members/d7a489cf-0c42-4f67-bd34-44c7dcc66425 HTTP/11" 200 None
2025-02-06 09:27:26,596 - DEBUG - Starting new HTTPS connection (1): habitica.com:443
2025-02-06 09:27:26,786 - DEBUG - https://habitica.com:443 "GET /api/v3/members/f52990be-42cf-4504-8bb5-4cb24db403c5 HTTP/11" 200 None
2025-02-06 09:27:27,791 - DEBUG - Starting new HTTPS connection (1): habitica.com:443
2025-02-06 09:27:27,905 - DEBUG - https://habitica.com:443 "GET /api/v3/members/fa8792fd-a71d-41a5-8c6d-3126a6ed7cec HTTP/11" 200 None
2025-02-06 09:27:28,909 - DEBUG - Starting new HTTPS connection (1): habitica.com:443
2025-02-06 09:27:37,277 - DEBUG - https://habitica.com:443 "GET /api/v3/looking-for-party HTTP/11" 200 193
2025-02-06 09:27:37,278 - INFO - 队伍自动管理任务执行成功
2025-02-06 09:41:34,270 - INFO - # 24
2025-02-06 09:41:57,761 - INFO - 队伍描述更新成功
2025-02-06 09:42:27,914 - INFO - # 24
2025-02-06 09:42:54,813 - INFO - 已向 ['be4ea3e0-299b-4d1b-865c-e5a42c3d442a'] 发送邀请。
2025-02-06 09:42:54,813 - INFO - 队伍自动管理任务执行成功
