2025-02-06 15:58:22,083 - habitica_update_description - DEBUG - Request: <function get at 0x7f70b8b54280> https://habitica.com/api/v3/groups/party/members <Response [200]>
2025-02-06 15:58:23,252 - habitica_update_description - DEBUG - Request: <function get at 0x7f70b8b54280> https://habitica.com/api/v3/members/09d5fabe-2754-4785-8e41-6304fab53246 <Response [200]>
2025-02-06 15:58:24,501 - habitica_update_description - DEBUG - Request: <function get at 0x7f70b8b54280> https://habitica.com/api/v3/members/0b41e9cd-4d27-4841-b887-1d4faf7cb390 <Response [200]>
2025-02-06 15:58:25,782 - habitica_update_description - DEBUG - Request: <function get at 0x7f70b8b54280> https://habitica.com/api/v3/members/0c0f7c85-363c-48ca-a502-cc7fc154a177 <Response [200]>
2025-02-06 15:58:26,904 - habitica_update_description - DEBUG - Request: <function get at 0x7f70b8b54280> https://habitica.com/api/v3/members/1347f170-5bff-4012-920a-afc7a40a86d1 <Response [200]>
2025-02-06 15:58:28,178 - habitica_update_description - DEBUG - Request: <function get at 0x7f70b8b54280> https://habitica.com/api/v3/members/1c171be5-5ec4-4925-b18d-8fffd6203226 <Response [200]>
2025-02-06 15:58:29,340 - habitica_update_description - DEBUG - Request: <function get at 0x7f70b8b54280> https://habitica.com/api/v3/members/1e8f9f06-e087-4ec9-8f84-2eec9f44953e <Response [200]>
2025-02-06 15:58:30,500 - habitica_update_description - DEBUG - Request: <function get at 0x7f70b8b54280> https://habitica.com/api/v3/members/2228f1cf-0f01-44f5-8288-1948b57f24c8 <Response [200]>
2025-02-06 15:58:31,780 - habitica_update_description - DEBUG - Request: <function get at 0x7f70b8b54280> https://habitica.com/api/v3/members/61fb3fd2-7588-4c00-be14-80925db41f3e <Response [200]>
2025-02-06 15:58:33,744 - habitica_update_description - DEBUG - Request: <function get at 0x7f70b8b54280> https://habitica.com/api/v3/members/65f2c0bf-9ca5-461c-af41-a39c9c921878 <Response [200]>
2025-02-06 15:58:34,951 - habitica_update_description - DEBUG - Request: <function get at 0x7f70b8b54280> https://habitica.com/api/v3/members/6ec29d00-a648-410d-9faf-09800d3eda25 <Response [200]>
2025-02-06 15:58:36,217 - habitica_update_description - DEBUG - Request: <function get at 0x7f70b8b54280> https://habitica.com/api/v3/members/744f8c1d-9255-4c96-b718-f10900aaaae0 <Response [200]>
2025-02-06 15:58:37,400 - habitica_update_description - DEBUG - Request: <function get at 0x7f70b8b54280> https://habitica.com/api/v3/members/81f65303-a333-4f77-bb67-df60a7797c41 <Response [200]>
2025-02-06 15:58:38,579 - habitica_update_description - DEBUG - Request: <function get at 0x7f70b8b54280> https://habitica.com/api/v3/members/96f06ed0-045a-4815-babd-7c7a20f7b1c5 <Response [200]>
2025-02-06 15:58:39,761 - habitica_update_description - DEBUG - Request: <function get at 0x7f70b8b54280> https://habitica.com/api/v3/members/9844bbfe-7242-4f51-a374-f35ef513de58 <Response [200]>
2025-02-06 15:58:40,887 - habitica_update_description - DEBUG - Request: <function get at 0x7f70b8b54280> https://habitica.com/api/v3/members/abc52830-5322-441f-aa49-907791cfc177 <Response [200]>
2025-02-06 15:58:42,866 - habitica_update_description - DEBUG - Request: <function get at 0x7f70b8b54280> https://habitica.com/api/v3/members/b4c136e9-c93c-4195-8433-7faa5f0414a9 <Response [200]>
2025-02-06 15:58:44,311 - habitica_update_description - DEBUG - Request: <function get at 0x7f70b8b54280> https://habitica.com/api/v3/members/c64822a0-bc13-40d3-8dc7-4a09a915c903 <Response [200]>
2025-02-06 15:58:45,425 - habitica_update_description - DEBUG - Request: <function get at 0x7f70b8b54280> https://habitica.com/api/v3/members/d7a489cf-0c42-4f67-bd34-44c7dcc66425 <Response [200]>
2025-02-06 15:58:46,560 - habitica_update_description - DEBUG - Request: <function get at 0x7f70b8b54280> https://habitica.com/api/v3/members/e0a6d76a-4116-43bb-b4e5-cb43e6de741b <Response [200]>
2025-02-06 15:58:47,704 - habitica_update_description - DEBUG - Request: <function get at 0x7f70b8b54280> https://habitica.com/api/v3/members/f52990be-42cf-4504-8bb5-4cb24db403c5 <Response [200]>
2025-02-06 15:58:48,829 - habitica_update_description - DEBUG - Request: <function get at 0x7f70b8b54280> https://habitica.com/api/v3/members/fa8792fd-a71d-41a5-8c6d-3126a6ed7cec <Response [200]>
2025-02-06 15:58:50,222 - habitica_update_description - DEBUG - Request: <function put at 0x7f70b8b544c0> https://habitica.com/api/v3/groups/party <Response [200]>
2025-02-06 15:58:50,222 - habitica_update_description - INFO - Party description updated successfully.
2025-02-06 16:14:36,308 - habitica_update_description - INFO - # 68
2025-02-06 16:14:37,278 - habitica_update_description - DEBUG - Request: <function get at 0x7f1d2d326280> https://sentence.iciba.com/?c=dailysentence&m=getTodaySentence <Response [200]>
2025-02-06 16:14:38,759 - habitica_update_description - DEBUG - Request: <function get at 0x7f1d2d326280> https://habitica.com/api/v3/groups/party/members <Response [200]>
2025-02-06 16:14:42,781 - habitica_update_description - DEBUG - Request: <function get at 0x7f1d2d326280> https://habitica.com/api/v3/members/09d5fabe-2754-4785-8e41-6304fab53246 <Response [200]>
2025-02-06 16:14:47,283 - habitica_update_description - DEBUG - Request: <function get at 0x7f1d2d326280> https://habitica.com/api/v3/members/0b2be4a0-025e-436c-8d58-bba044ee5a97 <Response [200]>
2025-02-06 16:14:48,548 - habitica_update_description - DEBUG - Request: <function get at 0x7f1d2d326280> https://habitica.com/api/v3/members/0b41e9cd-4d27-4841-b887-1d4faf7cb390 <Response [200]>
2025-02-06 16:14:49,693 - habitica_update_description - DEBUG - Request: <function get at 0x7f1d2d326280> https://habitica.com/api/v3/members/0c0f7c85-363c-48ca-a502-cc7fc154a177 <Response [200]>
2025-02-06 16:14:50,816 - habitica_update_description - DEBUG - Request: <function get at 0x7f1d2d326280> https://habitica.com/api/v3/members/1347f170-5bff-4012-920a-afc7a40a86d1 <Response [200]>
2025-02-06 16:14:51,952 - habitica_update_description - DEBUG - Request: <function get at 0x7f1d2d326280> https://habitica.com/api/v3/members/1955f4c2-9faf-4f9f-81b8-c3e47573202d <Response [200]>
2025-02-06 16:14:53,090 - habitica_update_description - DEBUG - Request: <function get at 0x7f1d2d326280> https://habitica.com/api/v3/members/1c171be5-5ec4-4925-b18d-8fffd6203226 <Response [200]>
2025-02-06 16:14:54,193 - habitica_update_description - DEBUG - Request: <function get at 0x7f1d2d326280> https://habitica.com/api/v3/members/1e8f9f06-e087-4ec9-8f84-2eec9f44953e <Response [200]>
2025-02-06 16:14:55,253 - habitica_update_description - DEBUG - Request: <function get at 0x7f1d2d326280> https://habitica.com/api/v3/members/2228f1cf-0f01-44f5-8288-1948b57f24c8 <Response [200]>
2025-02-06 16:15:48,796 - habitica_update_description - DEBUG - Request: <function get at 0x7f1d2d326280> https://habitica.com/api/v3/members/61fb3fd2-7588-4c00-be14-80925db41f3e <Response [200]>
2025-02-06 16:15:50,890 - habitica_update_description - DEBUG - Request: <function get at 0x7f1d2d326280> https://habitica.com/api/v3/members/65f2c0bf-9ca5-461c-af41-a39c9c921878 <Response [200]>
2025-02-06 16:15:51,953 - habitica_update_description - DEBUG - Request: <function get at 0x7f1d2d326280> https://habitica.com/api/v3/members/6ec29d00-a648-410d-9faf-09800d3eda25 <Response [200]>
2025-02-06 16:15:53,179 - habitica_update_description - DEBUG - Request: <function get at 0x7f1d2d326280> https://habitica.com/api/v3/members/744f8c1d-9255-4c96-b718-f10900aaaae0 <Response [200]>
2025-02-06 16:15:54,334 - habitica_update_description - DEBUG - Request: <function get at 0x7f1d2d326280> https://habitica.com/api/v3/members/81f65303-a333-4f77-bb67-df60a7797c41 <Response [200]>
2025-02-06 16:15:56,484 - habitica_update_description - DEBUG - Request: <function get at 0x7f1d2d326280> https://habitica.com/api/v3/members/96f06ed0-045a-4815-babd-7c7a20f7b1c5 <Response [200]>
2025-02-06 16:15:57,608 - habitica_update_description - DEBUG - Request: <function get at 0x7f1d2d326280> https://habitica.com/api/v3/members/9844bbfe-7242-4f51-a374-f35ef513de58 <Response [200]>
2025-02-06 16:15:58,674 - habitica_update_description - DEBUG - Request: <function get at 0x7f1d2d326280> https://habitica.com/api/v3/members/abc52830-5322-441f-aa49-907791cfc177 <Response [200]>
2025-02-06 16:15:59,735 - habitica_update_description - DEBUG - Request: <function get at 0x7f1d2d326280> https://habitica.com/api/v3/members/b4c136e9-c93c-4195-8433-7faa5f0414a9 <Response [200]>
2025-02-06 16:16:01,038 - habitica_update_description - DEBUG - Request: <function get at 0x7f1d2d326280> https://habitica.com/api/v3/members/c64822a0-bc13-40d3-8dc7-4a09a915c903 <Response [200]>
2025-02-06 16:16:02,132 - habitica_update_description - DEBUG - Request: <function get at 0x7f1d2d326280> https://habitica.com/api/v3/members/d7a489cf-0c42-4f67-bd34-44c7dcc66425 <Response [200]>
2025-02-06 16:16:03,790 - habitica_update_description - DEBUG - Request: <function get at 0x7f1d2d326280> https://habitica.com/api/v3/members/e0a6d76a-4116-43bb-b4e5-cb43e6de741b <Response [200]>
2025-02-06 16:16:05,380 - habitica_update_description - DEBUG - Request: <function get at 0x7f1d2d326280> https://habitica.com/api/v3/members/f52990be-42cf-4504-8bb5-4cb24db403c5 <Response [200]>
2025-02-06 16:16:06,441 - habitica_update_description - DEBUG - Request: <function get at 0x7f1d2d326280> https://habitica.com/api/v3/members/fa8792fd-a71d-41a5-8c6d-3126a6ed7cec <Response [200]>
2025-02-06 16:16:09,804 - habitica_update_description - DEBUG - Request: <function put at 0x7f1d2d3264c0> https://habitica.com/api/v3/groups/party <Response [200]>
2025-02-06 16:16:09,804 - habitica_update_description - INFO - Party description updated successfully.
2025-02-06 16:30:59,401 - habitica_update_description - INFO - # 69
2025-02-06 16:31:00,306 - habitica_update_description - DEBUG - Request: <function get at 0x7f44bbaba280> https://sentence.iciba.com/?c=dailysentence&m=getTodaySentence <Response [200]>
2025-02-06 16:31:01,472 - habitica_update_description - DEBUG - Request: <function get at 0x7f44bbaba280> https://habitica.com/api/v3/groups/party/members <Response [200]>
2025-02-06 16:31:02,684 - habitica_update_description - DEBUG - Request: <function get at 0x7f44bbaba280> https://habitica.com/api/v3/members/09d5fabe-2754-4785-8e41-6304fab53246 <Response [200]>
2025-02-06 16:31:03,989 - habitica_update_description - DEBUG - Request: <function get at 0x7f44bbaba280> https://habitica.com/api/v3/members/0b2be4a0-025e-436c-8d58-bba044ee5a97 <Response [200]>
2025-02-06 16:31:05,202 - habitica_update_description - DEBUG - Request: <function get at 0x7f44bbaba280> https://habitica.com/api/v3/members/0b41e9cd-4d27-4841-b887-1d4faf7cb390 <Response [200]>
2025-02-06 16:31:06,378 - habitica_update_description - DEBUG - Request: <function get at 0x7f44bbaba280> https://habitica.com/api/v3/members/0c0f7c85-363c-48ca-a502-cc7fc154a177 <Response [200]>
2025-02-06 16:31:07,501 - habitica_update_description - DEBUG - Request: <function get at 0x7f44bbaba280> https://habitica.com/api/v3/members/1347f170-5bff-4012-920a-afc7a40a86d1 <Response [200]>
2025-02-06 16:31:08,648 - habitica_update_description - DEBUG - Request: <function get at 0x7f44bbaba280> https://habitica.com/api/v3/members/1955f4c2-9faf-4f9f-81b8-c3e47573202d <Response [200]>
2025-02-06 16:31:11,888 - habitica_update_description - DEBUG - Request: <function get at 0x7f44bbaba280> https://habitica.com/api/v3/members/1c171be5-5ec4-4925-b18d-8fffd6203226 <Response [200]>
2025-02-06 16:31:13,125 - habitica_update_description - DEBUG - Request: <function get at 0x7f44bbaba280> https://habitica.com/api/v3/members/1e8f9f06-e087-4ec9-8f84-2eec9f44953e <Response [200]>
2025-02-06 16:31:14,279 - habitica_update_description - DEBUG - Request: <function get at 0x7f44bbaba280> https://habitica.com/api/v3/members/2228f1cf-0f01-44f5-8288-1948b57f24c8 <Response [200]>
2025-02-06 16:31:15,497 - habitica_update_description - DEBUG - Request: <function get at 0x7f44bbaba280> https://habitica.com/api/v3/members/61fb3fd2-7588-4c00-be14-80925db41f3e <Response [200]>
2025-02-06 16:31:16,640 - habitica_update_description - DEBUG - Request: <function get at 0x7f44bbaba280> https://habitica.com/api/v3/members/65f2c0bf-9ca5-461c-af41-a39c9c921878 <Response [200]>
2025-02-06 16:31:17,819 - habitica_update_description - DEBUG - Request: <function get at 0x7f44bbaba280> https://habitica.com/api/v3/members/6ec29d00-a648-410d-9faf-09800d3eda25 <Response [200]>
2025-02-06 16:31:18,996 - habitica_update_description - DEBUG - Request: <function get at 0x7f44bbaba280> https://habitica.com/api/v3/members/744f8c1d-9255-4c96-b718-f10900aaaae0 <Response [200]>
2025-02-06 16:31:20,119 - habitica_update_description - DEBUG - Request: <function get at 0x7f44bbaba280> https://habitica.com/api/v3/members/81f65303-a333-4f77-bb67-df60a7797c41 <Response [200]>
2025-02-06 16:31:21,386 - habitica_update_description - DEBUG - Request: <function get at 0x7f44bbaba280> https://habitica.com/api/v3/members/96f06ed0-045a-4815-babd-7c7a20f7b1c5 <Response [200]>
2025-02-06 16:31:22,596 - habitica_update_description - DEBUG - Request: <function get at 0x7f44bbaba280> https://habitica.com/api/v3/members/9844bbfe-7242-4f51-a374-f35ef513de58 <Response [200]>
2025-02-06 16:31:23,753 - habitica_update_description - DEBUG - Request: <function get at 0x7f44bbaba280> https://habitica.com/api/v3/members/abc52830-5322-441f-aa49-907791cfc177 <Response [200]>
2025-02-06 16:31:24,918 - habitica_update_description - DEBUG - Request: <function get at 0x7f44bbaba280> https://habitica.com/api/v3/members/b4c136e9-c93c-4195-8433-7faa5f0414a9 <Response [200]>
2025-02-06 16:31:26,251 - habitica_update_description - DEBUG - Request: <function get at 0x7f44bbaba280> https://habitica.com/api/v3/members/c64822a0-bc13-40d3-8dc7-4a09a915c903 <Response [200]>
2025-02-06 16:31:27,491 - habitica_update_description - DEBUG - Request: <function get at 0x7f44bbaba280> https://habitica.com/api/v3/members/d7a489cf-0c42-4f67-bd34-44c7dcc66425 <Response [200]>
2025-02-06 16:31:28,613 - habitica_update_description - DEBUG - Request: <function get at 0x7f44bbaba280> https://habitica.com/api/v3/members/e0a6d76a-4116-43bb-b4e5-cb43e6de741b <Response [200]>
2025-02-06 16:31:29,746 - habitica_update_description - DEBUG - Request: <function get at 0x7f44bbaba280> https://habitica.com/api/v3/members/f52990be-42cf-4504-8bb5-4cb24db403c5 <Response [200]>
2025-02-06 16:31:30,865 - habitica_update_description - DEBUG - Request: <function get at 0x7f44bbaba280> https://habitica.com/api/v3/members/fa8792fd-a71d-41a5-8c6d-3126a6ed7cec <Response [200]>
2025-02-06 16:31:32,193 - habitica_update_description - DEBUG - Request: <function put at 0x7f44bbaba4c0> https://habitica.com/api/v3/groups/party <Response [200]>
2025-02-06 16:31:32,193 - habitica_update_description - INFO - Party description updated successfully.
