2026-05-26 01:28:09,799 - DEBUG - Request: <function get at 0x7f57ff76fb80> https://habitica.com/api/v3/looking-for-party
2026-05-26 01:28:09,800 - ERROR - Fetching users looking for party failed: Status code 400
Headers: {'X-DNS-Prefetch-Control': 'off', 'X-Frame-Options': 'SAMEORIGIN', 'Strict-Transport-Security': 'max-age=15552000; includeSubDomains', 'X-Download-Options': 'noopen', 'X-Content-Type-Options': 'nosniff', 'X-XSS-Protection': '0', 'Access-Control-Allow-Origin': '*', 'Access-Control-Allow-Methods': 'OPTIONS,GET,POST,PUT,HEAD,DELETE', 'Access-Control-Allow-Headers': 'Authorization,Content-Type,Accept,Content-Encoding,X-Requested-With,x-api-user,x-api-key,x-client', 'Access-Control-Expose-Headers': 'X-RateLimit-Limit,X-RateLimit-Remaining,X-RateLimit-Reset,Retry-After', 'X-Powered-By': 'Express', 'X-RateLimit-Limit': '30', 'X-RateLimit-Remaining': '28', 'X-RateLimit-Reset': 'Tue May 26 2026 01:29:07 GMT+0000 (Coordinated Universal Time)', 'Cache-Control': 'no-store', 'Content-Type': 'application/json; charset=utf-8', 'Content-Length': '76', 'Vary': 'Accept-Encoding', 'Date': 'Tue, 26 May 2026 01:28:09 GMT', 'Via': '1.1 google', 'Alt-Svc': 'h3=":443"; ma=2592000,h3-29=":443"; ma=2592000'}
Text: {"success":false,"error":"BadRequest","message":"Missing x-client headers."}
2026-05-26 01:28:09,800 - INFO - Habitica party management script completed successfully.
2026-05-26 05:48:33,434 - INFO - # 16967
2026-05-26 05:48:33,615 - DEBUG - Request: <function get at 0x7fe167ea4b80> https://habitica.com/api/v3/groups/party/members
2026-05-26 05:48:33,616 - ERROR - Fetching party members failed: Status code 400
Headers: {'X-DNS-Prefetch-Control': 'off', 'X-Frame-Options': 'SAMEORIGIN', 'Strict-Transport-Security': 'max-age=15552000; includeSubDomains', 'X-Download-Options': 'noopen', 'X-Content-Type-Options': 'nosniff', 'X-XSS-Protection': '0', 'Access-Control-Allow-Origin': '*', 'Access-Control-Allow-Methods': 'OPTIONS,GET,POST,PUT,HEAD,DELETE', 'Access-Control-Allow-Headers': 'Authorization,Content-Type,Accept,Content-Encoding,X-Requested-With,x-api-user,x-api-key,x-client', 'Access-Control-Expose-Headers': 'X-RateLimit-Limit,X-RateLimit-Remaining,X-RateLimit-Reset,Retry-After', 'X-Powered-By': 'Express', 'X-RateLimit-Limit': '30', 'X-RateLimit-Remaining': '29', 'X-RateLimit-Reset': 'Tue May 26 2026 05:49:33 GMT+0000 (Coordinated Universal Time)', 'Cache-Control': 'no-store', 'Content-Type': 'application/json; charset=utf-8', 'Content-Length': '76', 'Vary': 'Accept-Encoding', 'Date': 'Tue, 26 May 2026 05:48:33 GMT', 'Via': '1.1 google', 'Alt-Svc': 'h3=":443"; ma=2592000'}
Text: {"success":false,"error":"BadRequest","message":"Missing x-client headers."}
2026-05-26 05:48:35,774 - DEBUG - Request: <function get at 0x7fe167ea4b80> https://habitica.com/api/v3/looking-for-party
2026-05-26 05:48:35,774 - ERROR - Fetching users looking for party failed: Status code 400
Headers: {'X-DNS-Prefetch-Control': 'off', 'X-Frame-Options': 'SAMEORIGIN', 'Strict-Transport-Security': 'max-age=15552000; includeSubDomains', 'X-Download-Options': 'noopen', 'X-Content-Type-Options': 'nosniff', 'X-XSS-Protection': '0', 'Access-Control-Allow-Origin': '*', 'Access-Control-Allow-Methods': 'OPTIONS,GET,POST,PUT,HEAD,DELETE', 'Access-Control-Allow-Headers': 'Authorization,Content-Type,Accept,Content-Encoding,X-Requested-With,x-api-user,x-api-key,x-client', 'Access-Control-Expose-Headers': 'X-RateLimit-Limit,X-RateLimit-Remaining,X-RateLimit-Reset,Retry-After', 'X-Powered-By': 'Express', 'X-RateLimit-Limit': '30', 'X-RateLimit-Remaining': '28', 'X-RateLimit-Reset': 'Tue May 26 2026 05:49:33 GMT+0000 (Coordinated Universal Time)', 'Cache-Control': 'no-store', 'Content-Type': 'application/json; charset=utf-8', 'Content-Length': '76', 'Vary': 'Accept-Encoding', 'Date': 'Tue, 26 May 2026 05:48:35 GMT', 'Via': '1.1 google', 'Alt-Svc': 'h3=":443"; ma=2592000'}
Text: {"success":false,"error":"BadRequest","message":"Missing x-client headers."}
2026-05-26 05:48:35,775 - INFO - Habitica party management script completed successfully.
2026-05-26 09:54:25,832 - INFO - # 16968
2026-05-26 09:54:26,017 - DEBUG - Request: <function get at 0x7f3b9c759b80> https://habitica.com/api/v3/groups/party/members
2026-05-26 09:54:26,017 - ERROR - Fetching party members failed: Status code 400
Headers: {'X-DNS-Prefetch-Control': 'off', 'X-Frame-Options': 'SAMEORIGIN', 'Strict-Transport-Security': 'max-age=15552000; includeSubDomains', 'X-Download-Options': 'noopen', 'X-Content-Type-Options': 'nosniff', 'X-XSS-Protection': '0', 'Access-Control-Allow-Origin': '*', 'Access-Control-Allow-Methods': 'OPTIONS,GET,POST,PUT,HEAD,DELETE', 'Access-Control-Allow-Headers': 'Authorization,Content-Type,Accept,Content-Encoding,X-Requested-With,x-api-user,x-api-key,x-client', 'Access-Control-Expose-Headers': 'X-RateLimit-Limit,X-RateLimit-Remaining,X-RateLimit-Reset,Retry-After', 'X-Powered-By': 'Express', 'X-RateLimit-Limit': '30', 'X-RateLimit-Remaining': '29', 'X-RateLimit-Reset': 'Tue May 26 2026 09:55:25 GMT+0000 (Coordinated Universal Time)', 'Cache-Control': 'no-store', 'Content-Type': 'application/json; charset=utf-8', 'Content-Length': '76', 'Vary': 'Accept-Encoding', 'Date': 'Tue, 26 May 2026 09:54:25 GMT', 'Via': '1.1 google', 'Alt-Svc': 'h3=":443"; ma=2592000'}
Text: {"success":false,"error":"BadRequest","message":"Missing x-client headers."}
2026-05-26 09:54:28,144 - DEBUG - Request: <function get at 0x7f3b9c759b80> https://habitica.com/api/v3/looking-for-party
2026-05-26 09:54:28,144 - ERROR - Fetching users looking for party failed: Status code 400
Headers: {'X-DNS-Prefetch-Control': 'off', 'X-Frame-Options': 'SAMEORIGIN', 'Strict-Transport-Security': 'max-age=15552000; includeSubDomains', 'X-Download-Options': 'noopen', 'X-Content-Type-Options': 'nosniff', 'X-XSS-Protection': '0', 'Access-Control-Allow-Origin': '*', 'Access-Control-Allow-Methods': 'OPTIONS,GET,POST,PUT,HEAD,DELETE', 'Access-Control-Allow-Headers': 'Authorization,Content-Type,Accept,Content-Encoding,X-Requested-With,x-api-user,x-api-key,x-client', 'Access-Control-Expose-Headers': 'X-RateLimit-Limit,X-RateLimit-Remaining,X-RateLimit-Reset,Retry-After', 'X-Powered-By': 'Express', 'X-RateLimit-Limit': '30', 'X-RateLimit-Remaining': '28', 'X-RateLimit-Reset': 'Tue May 26 2026 09:55:25 GMT+0000 (Coordinated Universal Time)', 'Cache-Control': 'no-store', 'Content-Type': 'application/json; charset=utf-8', 'Content-Length': '76', 'Vary': 'Accept-Encoding', 'Date': 'Tue, 26 May 2026 09:54:28 GMT', 'Via': '1.1 google', 'Alt-Svc': 'h3=":443"; ma=2592000'}
Text: {"success":false,"error":"BadRequest","message":"Missing x-client headers."}
2026-05-26 09:54:28,145 - INFO - Habitica party management script completed successfully.
2026-05-26 16:30:21,715 - INFO - # 16970
2026-05-26 16:30:21,903 - DEBUG - Request: <function get at 0x7f5609acdb80> https://habitica.com/api/v3/groups/party/members
2026-05-26 16:30:21,903 - ERROR - Fetching party members failed: Status code 400
Headers: {'X-DNS-Prefetch-Control': 'off', 'X-Frame-Options': 'SAMEORIGIN', 'Strict-Transport-Security': 'max-age=15552000; includeSubDomains', 'X-Download-Options': 'noopen', 'X-Content-Type-Options': 'nosniff', 'X-XSS-Protection': '0', 'Access-Control-Allow-Origin': '*', 'Access-Control-Allow-Methods': 'OPTIONS,GET,POST,PUT,HEAD,DELETE', 'Access-Control-Allow-Headers': 'Authorization,Content-Type,Accept,Content-Encoding,X-Requested-With,x-api-user,x-api-key,x-client', 'Access-Control-Expose-Headers': 'X-RateLimit-Limit,X-RateLimit-Remaining,X-RateLimit-Reset,Retry-After', 'X-Powered-By': 'Express', 'X-RateLimit-Limit': '30', 'X-RateLimit-Remaining': '29', 'X-RateLimit-Reset': 'Tue May 26 2026 16:31:21 GMT+0000 (Coordinated Universal Time)', 'Cache-Control': 'no-store', 'Content-Type': 'application/json; charset=utf-8', 'Content-Length': '76', 'Vary': 'Accept-Encoding', 'Date': 'Tue, 26 May 2026 16:30:21 GMT', 'Via': '1.1 google', 'Alt-Svc': 'h3=":443"; ma=2592000'}
Text: {"success":false,"error":"BadRequest","message":"Missing x-client headers."}
2026-05-26 16:30:23,988 - DEBUG - Request: <function get at 0x7f5609acdb80> https://habitica.com/api/v3/looking-for-party
2026-05-26 16:30:23,989 - ERROR - Fetching users looking for party failed: Status code 400
Headers: {'X-DNS-Prefetch-Control': 'off', 'X-Frame-Options': 'SAMEORIGIN', 'Strict-Transport-Security': 'max-age=15552000; includeSubDomains', 'X-Download-Options': 'noopen', 'X-Content-Type-Options': 'nosniff', 'X-XSS-Protection': '0', 'Access-Control-Allow-Origin': '*', 'Access-Control-Allow-Methods': 'OPTIONS,GET,POST,PUT,HEAD,DELETE', 'Access-Control-Allow-Headers': 'Authorization,Content-Type,Accept,Content-Encoding,X-Requested-With,x-api-user,x-api-key,x-client', 'Access-Control-Expose-Headers': 'X-RateLimit-Limit,X-RateLimit-Remaining,X-RateLimit-Reset,Retry-After', 'X-Powered-By': 'Express', 'X-RateLimit-Limit': '30', 'X-RateLimit-Remaining': '28', 'X-RateLimit-Reset': 'Tue May 26 2026 16:31:21 GMT+0000 (Coordinated Universal Time)', 'Cache-Control': 'no-store', 'Content-Type': 'application/json; charset=utf-8', 'Content-Length': '76', 'Vary': 'Accept-Encoding', 'Date': 'Tue, 26 May 2026 16:30:23 GMT', 'Via': '1.1 google', 'Alt-Svc': 'h3=":443"; ma=2592000'}
Text: {"success":false,"error":"BadRequest","message":"Missing x-client headers."}
2026-05-26 16:30:23,989 - INFO - Habitica party management script completed successfully.
2026-05-26 19:04:56,473 - INFO - # 16971
2026-05-26 19:04:56,645 - DEBUG - Request: <function get at 0x7ff033a72b80> https://habitica.com/api/v3/groups/party/members
2026-05-26 19:04:56,645 - ERROR - Fetching party members failed: Status code 400
Headers: {'X-DNS-Prefetch-Control': 'off', 'X-Frame-Options': 'SAMEORIGIN', 'Strict-Transport-Security': 'max-age=15552000; includeSubDomains', 'X-Download-Options': 'noopen', 'X-Content-Type-Options': 'nosniff', 'X-XSS-Protection': '0', 'Access-Control-Allow-Origin': '*', 'Access-Control-Allow-Methods': 'OPTIONS,GET,POST,PUT,HEAD,DELETE', 'Access-Control-Allow-Headers': 'Authorization,Content-Type,Accept,Content-Encoding,X-Requested-With,x-api-user,x-api-key,x-client', 'Access-Control-Expose-Headers': 'X-RateLimit-Limit,X-RateLimit-Remaining,X-RateLimit-Reset,Retry-After', 'X-Powered-By': 'Express', 'X-RateLimit-Limit': '30', 'X-RateLimit-Remaining': '29', 'X-RateLimit-Reset': 'Tue May 26 2026 19:05:56 GMT+0000 (Coordinated Universal Time)', 'Cache-Control': 'no-store', 'Content-Type': 'application/json; charset=utf-8', 'Content-Length': '76', 'Vary': 'Accept-Encoding', 'Date': 'Tue, 26 May 2026 19:04:56 GMT', 'Via': '1.1 google', 'Alt-Svc': 'h3=":443"; ma=2592000'}
Text: {"success":false,"error":"BadRequest","message":"Missing x-client headers."}
2026-05-26 19:04:58,797 - DEBUG - Request: <function get at 0x7ff033a72b80> https://habitica.com/api/v3/looking-for-party
2026-05-26 19:04:58,797 - ERROR - Fetching users looking for party failed: Status code 400
Headers: {'X-DNS-Prefetch-Control': 'off', 'X-Frame-Options': 'SAMEORIGIN', 'Strict-Transport-Security': 'max-age=15552000; includeSubDomains', 'X-Download-Options': 'noopen', 'X-Content-Type-Options': 'nosniff', 'X-XSS-Protection': '0', 'Access-Control-Allow-Origin': '*', 'Access-Control-Allow-Methods': 'OPTIONS,GET,POST,PUT,HEAD,DELETE', 'Access-Control-Allow-Headers': 'Authorization,Content-Type,Accept,Content-Encoding,X-Requested-With,x-api-user,x-api-key,x-client', 'Access-Control-Expose-Headers': 'X-RateLimit-Limit,X-RateLimit-Remaining,X-RateLimit-Reset,Retry-After', 'X-Powered-By': 'Express', 'X-RateLimit-Limit': '30', 'X-RateLimit-Remaining': '28', 'X-RateLimit-Reset': 'Tue May 26 2026 19:05:56 GMT+0000 (Coordinated Universal Time)', 'Cache-Control': 'no-store', 'Content-Type': 'application/json; charset=utf-8', 'Content-Length': '76', 'Vary': 'Accept-Encoding', 'Date': 'Tue, 26 May 2026 19:04:58 GMT', 'Via': '1.1 google', 'Alt-Svc': 'h3=":443"; ma=2592000'}
Text: {"success":false,"error":"BadRequest","message":"Missing x-client headers."}
2026-05-26 19:04:58,797 - INFO - Habitica party management script completed successfully.
2026-05-26 21:01:11,831 - INFO - # 16972
2026-05-26 21:01:11,898 - DEBUG - Request: <function get at 0x7f88563afb80> https://habitica.com/api/v3/groups/party/members
2026-05-26 21:01:11,898 - ERROR - Fetching party members failed: Status code 400
Headers: {'X-DNS-Prefetch-Control': 'off', 'X-Frame-Options': 'SAMEORIGIN', 'Strict-Transport-Security': 'max-age=15552000; includeSubDomains', 'X-Download-Options': 'noopen', 'X-Content-Type-Options': 'nosniff', 'X-XSS-Protection': '0', 'Access-Control-Allow-Origin': '*', 'Access-Control-Allow-Methods': 'OPTIONS,GET,POST,PUT,HEAD,DELETE', 'Access-Control-Allow-Headers': 'Authorization,Content-Type,Accept,Content-Encoding,X-Requested-With,x-api-user,x-api-key,x-client', 'Access-Control-Expose-Headers': 'X-RateLimit-Limit,X-RateLimit-Remaining,X-RateLimit-Reset,Retry-After', 'X-Powered-By': 'Express', 'X-RateLimit-Limit': '30', 'X-RateLimit-Remaining': '29', 'X-RateLimit-Reset': 'Tue May 26 2026 21:02:11 GMT+0000 (Coordinated Universal Time)', 'Cache-Control': 'no-store', 'Content-Type': 'application/json; charset=utf-8', 'Content-Length': '76', 'Vary': 'Accept-Encoding', 'Date': 'Tue, 26 May 2026 21:01:11 GMT', 'Via': '1.1 google', 'Alt-Svc': 'h3=":443"; ma=2592000'}
Text: {"success":false,"error":"BadRequest","message":"Missing x-client headers."}
2026-05-26 21:01:14,076 - DEBUG - Request: <function get at 0x7f88563afb80> https://habitica.com/api/v3/looking-for-party
2026-05-26 21:01:14,076 - ERROR - Fetching users looking for party failed: Status code 400
Headers: {'X-DNS-Prefetch-Control': 'off', 'X-Frame-Options': 'SAMEORIGIN', 'Strict-Transport-Security': 'max-age=15552000; includeSubDomains', 'X-Download-Options': 'noopen', 'X-Content-Type-Options': 'nosniff', 'X-XSS-Protection': '0', 'Access-Control-Allow-Origin': '*', 'Access-Control-Allow-Methods': 'OPTIONS,GET,POST,PUT,HEAD,DELETE', 'Access-Control-Allow-Headers': 'Authorization,Content-Type,Accept,Content-Encoding,X-Requested-With,x-api-user,x-api-key,x-client', 'Access-Control-Expose-Headers': 'X-RateLimit-Limit,X-RateLimit-Remaining,X-RateLimit-Reset,Retry-After', 'X-Powered-By': 'Express', 'X-RateLimit-Limit': '30', 'X-RateLimit-Remaining': '28', 'X-RateLimit-Reset': 'Tue May 26 2026 21:02:11 GMT+0000 (Coordinated Universal Time)', 'Cache-Control': 'no-store', 'Content-Type': 'application/json; charset=utf-8', 'Content-Length': '76', 'Vary': 'Accept-Encoding', 'Date': 'Tue, 26 May 2026 21:01:14 GMT', 'Via': '1.1 google', 'Alt-Svc': 'h3=":443"; ma=2592000'}
Text: {"success":false,"error":"BadRequest","message":"Missing x-client headers."}
2026-05-26 21:01:14,076 - INFO - Habitica party management script completed successfully.
2026-05-26 22:41:34,071 - INFO - # 16973
2026-05-26 22:41:34,287 - DEBUG - Request: <function get at 0x7fb3b80ebb80> https://habitica.com/api/v3/groups/party/members
2026-05-26 22:41:34,287 - ERROR - Fetching party members failed: Status code 400
Headers: {'X-DNS-Prefetch-Control': 'off', 'X-Frame-Options': 'SAMEORIGIN', 'Strict-Transport-Security': 'max-age=15552000; includeSubDomains', 'X-Download-Options': 'noopen', 'X-Content-Type-Options': 'nosniff', 'X-XSS-Protection': '0', 'Access-Control-Allow-Origin': '*', 'Access-Control-Allow-Methods': 'OPTIONS,GET,POST,PUT,HEAD,DELETE', 'Access-Control-Allow-Headers': 'Authorization,Content-Type,Accept,Content-Encoding,X-Requested-With,x-api-user,x-api-key,x-client', 'Access-Control-Expose-Headers': 'X-RateLimit-Limit,X-RateLimit-Remaining,X-RateLimit-Reset,Retry-After', 'X-Powered-By': 'Express', 'X-RateLimit-Limit': '30', 'X-RateLimit-Remaining': '29', 'X-RateLimit-Reset': 'Tue May 26 2026 22:42:34 GMT+0000 (Coordinated Universal Time)', 'Cache-Control': 'no-store', 'Content-Type': 'application/json; charset=utf-8', 'Content-Length': '76', 'Vary': 'Accept-Encoding', 'Date': 'Tue, 26 May 2026 22:41:34 GMT', 'Via': '1.1 google', 'Alt-Svc': 'h3=":443"; ma=2592000'}
Text: {"success":false,"error":"BadRequest","message":"Missing x-client headers."}
2026-05-26 22:41:36,422 - DEBUG - Request: <function get at 0x7fb3b80ebb80> https://habitica.com/api/v3/looking-for-party
2026-05-26 22:41:36,422 - ERROR - Fetching users looking for party failed: Status code 400
Headers: {'X-DNS-Prefetch-Control': 'off', 'X-Frame-Options': 'SAMEORIGIN', 'Strict-Transport-Security': 'max-age=15552000; includeSubDomains', 'X-Download-Options': 'noopen', 'X-Content-Type-Options': 'nosniff', 'X-XSS-Protection': '0', 'Access-Control-Allow-Origin': '*', 'Access-Control-Allow-Methods': 'OPTIONS,GET,POST,PUT,HEAD,DELETE', 'Access-Control-Allow-Headers': 'Authorization,Content-Type,Accept,Content-Encoding,X-Requested-With,x-api-user,x-api-key,x-client', 'Access-Control-Expose-Headers': 'X-RateLimit-Limit,X-RateLimit-Remaining,X-RateLimit-Reset,Retry-After', 'X-Powered-By': 'Express', 'X-RateLimit-Limit': '30', 'X-RateLimit-Remaining': '28', 'X-RateLimit-Reset': 'Tue May 26 2026 22:42:34 GMT+0000 (Coordinated Universal Time)', 'Cache-Control': 'no-store', 'Content-Type': 'application/json; charset=utf-8', 'Content-Length': '76', 'Vary': 'Accept-Encoding', 'Date': 'Tue, 26 May 2026 22:41:36 GMT', 'Via': '1.1 google', 'Alt-Svc': 'h3=":443"; ma=2592000'}
Text: {"success":false,"error":"BadRequest","message":"Missing x-client headers."}
2026-05-26 22:41:36,423 - INFO - Habitica party management script completed successfully.
2026-05-27 00:02:43,778 - INFO - # 16974
2026-05-27 00:02:43,977 - DEBUG - Request: <function get at 0x7f9d0a326b80> https://habitica.com/api/v3/groups/party/members
2026-05-27 00:02:43,977 - ERROR - Fetching party members failed: Status code 400
Headers: {'X-DNS-Prefetch-Control': 'off', 'X-Frame-Options': 'SAMEORIGIN', 'Strict-Transport-Security': 'max-age=15552000; includeSubDomains', 'X-Download-Options': 'noopen', 'X-Content-Type-Options': 'nosniff', 'X-XSS-Protection': '0', 'Access-Control-Allow-Origin': '*', 'Access-Control-Allow-Methods': 'OPTIONS,GET,POST,PUT,HEAD,DELETE', 'Access-Control-Allow-Headers': 'Authorization,Content-Type,Accept,Content-Encoding,X-Requested-With,x-api-user,x-api-key,x-client', 'Access-Control-Expose-Headers': 'X-RateLimit-Limit,X-RateLimit-Remaining,X-RateLimit-Reset,Retry-After', 'X-Powered-By': 'Express', 'X-RateLimit-Limit': '30', 'X-RateLimit-Remaining': '29', 'X-RateLimit-Reset': 'Wed May 27 2026 00:03:43 GMT+0000 (Coordinated Universal Time)', 'Cache-Control': 'no-store', 'Content-Type': 'application/json; charset=utf-8', 'Content-Length': '76', 'Vary': 'Accept-Encoding', 'Date': 'Wed, 27 May 2026 00:02:43 GMT', 'Via': '1.1 google', 'Alt-Svc': 'h3=":443"; ma=2592000'}
Text: {"success":false,"error":"BadRequest","message":"Missing x-client headers."}
2026-05-27 00:02:46,174 - DEBUG - Request: <function get at 0x7f9d0a326b80> https://habitica.com/api/v3/looking-for-party
2026-05-27 00:02:46,174 - ERROR - Fetching users looking for party failed: Status code 400
Headers: {'X-DNS-Prefetch-Control': 'off', 'X-Frame-Options': 'SAMEORIGIN', 'Strict-Transport-Security': 'max-age=15552000; includeSubDomains', 'X-Download-Options': 'noopen', 'X-Content-Type-Options': 'nosniff', 'X-XSS-Protection': '0', 'Access-Control-Allow-Origin': '*', 'Access-Control-Allow-Methods': 'OPTIONS,GET,POST,PUT,HEAD,DELETE', 'Access-Control-Allow-Headers': 'Authorization,Content-Type,Accept,Content-Encoding,X-Requested-With,x-api-user,x-api-key,x-client', 'Access-Control-Expose-Headers': 'X-RateLimit-Limit,X-RateLimit-Remaining,X-RateLimit-Reset,Retry-After', 'X-Powered-By': 'Express', 'X-RateLimit-Limit': '30', 'X-RateLimit-Remaining': '28', 'X-RateLimit-Reset': 'Wed May 27 2026 00:03:43 GMT+0000 (Coordinated Universal Time)', 'Cache-Control': 'no-store', 'Content-Type': 'application/json; charset=utf-8', 'Content-Length': '76', 'Vary': 'Accept-Encoding', 'Date': 'Wed, 27 May 2026 00:02:46 GMT', 'Via': '1.1 google', 'Alt-Svc': 'h3=":443"; ma=2592000'}
Text: {"success":false,"error":"BadRequest","message":"Missing x-client headers."}
2026-05-27 00:02:46,174 - INFO - Habitica party management script completed successfully.
2026-05-27 04:51:19,283 - INFO - # 16975
2026-05-27 04:51:19,372 - DEBUG - Request: <function get at 0x7f7fe1c2fb80> https://habitica.com/api/v3/groups/party/members
2026-05-27 04:51:19,372 - ERROR - Fetching party members failed: Status code 400
Headers: {'X-DNS-Prefetch-Control': 'off', 'X-Frame-Options': 'SAMEORIGIN', 'Strict-Transport-Security': 'max-age=15552000; includeSubDomains', 'X-Download-Options': 'noopen', 'X-Content-Type-Options': 'nosniff', 'X-XSS-Protection': '0', 'Access-Control-Allow-Origin': '*', 'Access-Control-Allow-Methods': 'OPTIONS,GET,POST,PUT,HEAD,DELETE', 'Access-Control-Allow-Headers': 'Authorization,Content-Type,Accept,Content-Encoding,X-Requested-With,x-api-user,x-api-key,x-client', 'Access-Control-Expose-Headers': 'X-RateLimit-Limit,X-RateLimit-Remaining,X-RateLimit-Reset,Retry-After', 'X-Powered-By': 'Express', 'X-RateLimit-Limit': '30', 'X-RateLimit-Remaining': '29', 'X-RateLimit-Reset': 'Wed May 27 2026 04:52:19 GMT+0000 (Coordinated Universal Time)', 'Cache-Control': 'no-store', 'Content-Type': 'application/json; charset=utf-8', 'Content-Length': '76', 'Vary': 'Accept-Encoding', 'Date': 'Wed, 27 May 2026 04:51:19 GMT', 'Via': '1.1 google', 'Alt-Svc': 'h3=":443"; ma=2592000'}
Text: {"success":false,"error":"BadRequest","message":"Missing x-client headers."}
2026-05-27 04:51:21,544 - DEBUG - Request: <function get at 0x7f7fe1c2fb80> https://habitica.com/api/v3/looking-for-party
2026-05-27 04:51:21,544 - ERROR - Fetching users looking for party failed: Status code 400
Headers: {'X-DNS-Prefetch-Control': 'off', 'X-Frame-Options': 'SAMEORIGIN', 'Strict-Transport-Security': 'max-age=15552000; includeSubDomains', 'X-Download-Options': 'noopen', 'X-Content-Type-Options': 'nosniff', 'X-XSS-Protection': '0', 'Access-Control-Allow-Origin': '*', 'Access-Control-Allow-Methods': 'OPTIONS,GET,POST,PUT,HEAD,DELETE', 'Access-Control-Allow-Headers': 'Authorization,Content-Type,Accept,Content-Encoding,X-Requested-With,x-api-user,x-api-key,x-client', 'Access-Control-Expose-Headers': 'X-RateLimit-Limit,X-RateLimit-Remaining,X-RateLimit-Reset,Retry-After', 'X-Powered-By': 'Express', 'X-RateLimit-Limit': '30', 'X-RateLimit-Remaining': '28', 'X-RateLimit-Reset': 'Wed May 27 2026 04:52:19 GMT+0000 (Coordinated Universal Time)', 'Cache-Control': 'no-store', 'Content-Type': 'application/json; charset=utf-8', 'Content-Length': '76', 'Vary': 'Accept-Encoding', 'Date': 'Wed, 27 May 2026 04:51:21 GMT', 'Via': '1.1 google', 'Alt-Svc': 'h3=":443"; ma=2592000'}
Text: {"success":false,"error":"BadRequest","message":"Missing x-client headers."}
2026-05-27 04:51:21,544 - INFO - Habitica party management script completed successfully.
