2026-05-20 12:09:42,074 - ERROR - Getting party data failed: Status code 400
Headers: {'X-DNS-Prefetch-Control': 'off', 'X-Frame-Options': 'SAMEORIGIN', 'Strict-Transport-Security': 'max-age=15552000; includeSubDomains', 'X-Download-Options': 'noopen', 'X-Content-Type-Options': 'nosniff', 'X-XSS-Protection': '0', 'Access-Control-Allow-Origin': '*', 'Access-Control-Allow-Methods': 'OPTIONS,GET,POST,PUT,HEAD,DELETE', 'Access-Control-Allow-Headers': 'Authorization,Content-Type,Accept,Content-Encoding,X-Requested-With,x-api-user,x-api-key,x-client', 'Access-Control-Expose-Headers': 'X-RateLimit-Limit,X-RateLimit-Remaining,X-RateLimit-Reset,Retry-After', 'X-Powered-By': 'Express', 'X-RateLimit-Limit': '30', 'X-RateLimit-Remaining': '27', 'X-RateLimit-Reset': 'Wed May 20 2026 12:10:36 GMT+0000 (Coordinated Universal Time)', 'Cache-Control': 'no-store', 'Content-Type': 'application/json; charset=utf-8', 'Content-Length': '76', 'Vary': 'Accept-Encoding', 'Date': 'Wed, 20 May 2026 12:09:42 GMT', 'Via': '1.1 google', 'Alt-Svc': 'h3=":443"; ma=2592000'}
Text: {"success":false,"error":"BadRequest","message":"Missing x-client headers."}
2026-05-20 12:09:44,223 - DEBUG - Request: <function put at 0x7f14b0087f70> https://habitica.com/api/v3/groups/party
2026-05-20 12:09:44,223 - ERROR - Getting party data failed: Status code 400
Headers: {'X-DNS-Prefetch-Control': 'off', 'X-Frame-Options': 'SAMEORIGIN', 'Strict-Transport-Security': 'max-age=15552000; includeSubDomains', 'X-Download-Options': 'noopen', 'X-Content-Type-Options': 'nosniff', 'X-XSS-Protection': '0', 'Access-Control-Allow-Origin': '*', 'Access-Control-Allow-Methods': 'OPTIONS,GET,POST,PUT,HEAD,DELETE', 'Access-Control-Allow-Headers': 'Authorization,Content-Type,Accept,Content-Encoding,X-Requested-With,x-api-user,x-api-key,x-client', 'Access-Control-Expose-Headers': 'X-RateLimit-Limit,X-RateLimit-Remaining,X-RateLimit-Reset,Retry-After', 'X-Powered-By': 'Express', 'X-RateLimit-Limit': '30', 'X-RateLimit-Remaining': '26', 'X-RateLimit-Reset': 'Wed May 20 2026 12:10:36 GMT+0000 (Coordinated Universal Time)', 'Cache-Control': 'no-store', 'Content-Type': 'application/json; charset=utf-8', 'Content-Length': '76', 'Vary': 'Accept-Encoding', 'Date': 'Wed, 20 May 2026 12:09:44 GMT', 'Via': '1.1 google', 'Alt-Svc': 'h3=":443"; ma=2592000,h3-29=":443"; ma=2592000'}
Text: {"success":false,"error":"BadRequest","message":"Missing x-client headers."}
2026-05-20 15:58:46,355 - INFO - # 16903
2026-05-20 15:58:47,324 - DEBUG - Request: <function get at 0x7f4242b6cd30> https://sentence.iciba.com/?c=dailysentence&m=getTodaySentence
2026-05-20 15:58:49,586 - DEBUG - Request: <function get at 0x7f4242b6cd30> https://habitica.com/api/v3/groups/party/members
2026-05-20 15:58:49,586 - ERROR - Getting party data failed: Status code 400
Headers: {'X-DNS-Prefetch-Control': 'off', 'X-Frame-Options': 'SAMEORIGIN', 'Strict-Transport-Security': 'max-age=15552000; includeSubDomains', 'X-Download-Options': 'noopen', 'X-Content-Type-Options': 'nosniff', 'X-XSS-Protection': '0', 'Access-Control-Allow-Origin': '*', 'Access-Control-Allow-Methods': 'OPTIONS,GET,POST,PUT,HEAD,DELETE', 'Access-Control-Allow-Headers': 'Authorization,Content-Type,Accept,Content-Encoding,X-Requested-With,x-api-user,x-api-key,x-client', 'Access-Control-Expose-Headers': 'X-RateLimit-Limit,X-RateLimit-Remaining,X-RateLimit-Reset,Retry-After', 'X-Powered-By': 'Express', 'X-RateLimit-Limit': '30', 'X-RateLimit-Remaining': '27', 'X-RateLimit-Reset': 'Wed May 20 2026 15:59:44 GMT+0000 (Coordinated Universal Time)', 'Cache-Control': 'no-store', 'Content-Type': 'application/json; charset=utf-8', 'Content-Length': '76', 'Vary': 'Accept-Encoding', 'Date': 'Wed, 20 May 2026 15:58:49 GMT', 'Via': '1.1 google', 'Alt-Svc': 'h3=":443"; ma=2592000,h3-29=":443"; ma=2592000'}
Text: {"success":false,"error":"BadRequest","message":"Missing x-client headers."}
2026-05-20 15:58:51,820 - DEBUG - Request: <function put at 0x7f4242b6cf70> https://habitica.com/api/v3/groups/party
2026-05-20 15:58:51,820 - ERROR - Getting party data failed: Status code 400
Headers: {'X-DNS-Prefetch-Control': 'off', 'X-Frame-Options': 'SAMEORIGIN', 'Strict-Transport-Security': 'max-age=15552000; includeSubDomains', 'X-Download-Options': 'noopen', 'X-Content-Type-Options': 'nosniff', 'X-XSS-Protection': '0', 'Access-Control-Allow-Origin': '*', 'Access-Control-Allow-Methods': 'OPTIONS,GET,POST,PUT,HEAD,DELETE', 'Access-Control-Allow-Headers': 'Authorization,Content-Type,Accept,Content-Encoding,X-Requested-With,x-api-user,x-api-key,x-client', 'Access-Control-Expose-Headers': 'X-RateLimit-Limit,X-RateLimit-Remaining,X-RateLimit-Reset,Retry-After', 'X-Powered-By': 'Express', 'X-RateLimit-Limit': '30', 'X-RateLimit-Remaining': '26', 'X-RateLimit-Reset': 'Wed May 20 2026 15:59:44 GMT+0000 (Coordinated Universal Time)', 'Cache-Control': 'no-store', 'Content-Type': 'application/json; charset=utf-8', 'Content-Length': '76', 'Vary': 'Accept-Encoding', 'Date': 'Wed, 20 May 2026 15:58:51 GMT', 'Via': '1.1 google', 'Alt-Svc': 'h3=":443"; ma=2592000'}
Text: {"success":false,"error":"BadRequest","message":"Missing x-client headers."}
2026-05-20 18:26:04,665 - INFO - # 16904
2026-05-20 18:26:05,699 - DEBUG - Request: <function get at 0x7f23ae9b8d30> https://sentence.iciba.com/?c=dailysentence&m=getTodaySentence
2026-05-20 18:26:07,857 - DEBUG - Request: <function get at 0x7f23ae9b8d30> https://habitica.com/api/v3/groups/party/members
2026-05-20 18:26:07,857 - ERROR - Getting party data failed: Status code 400
Headers: {'X-DNS-Prefetch-Control': 'off', 'X-Frame-Options': 'SAMEORIGIN', 'Strict-Transport-Security': 'max-age=15552000; includeSubDomains', 'X-Download-Options': 'noopen', 'X-Content-Type-Options': 'nosniff', 'X-XSS-Protection': '0', 'Access-Control-Allow-Origin': '*', 'Access-Control-Allow-Methods': 'OPTIONS,GET,POST,PUT,HEAD,DELETE', 'Access-Control-Allow-Headers': 'Authorization,Content-Type,Accept,Content-Encoding,X-Requested-With,x-api-user,x-api-key,x-client', 'Access-Control-Expose-Headers': 'X-RateLimit-Limit,X-RateLimit-Remaining,X-RateLimit-Reset,Retry-After', 'X-Powered-By': 'Express', 'X-RateLimit-Limit': '30', 'X-RateLimit-Remaining': '27', 'X-RateLimit-Reset': 'Wed May 20 2026 18:27:02 GMT+0000 (Coordinated Universal Time)', 'Cache-Control': 'no-store', 'Content-Type': 'application/json; charset=utf-8', 'Content-Length': '76', 'Vary': 'Accept-Encoding', 'Date': 'Wed, 20 May 2026 18:26:07 GMT', 'Via': '1.1 google', 'Alt-Svc': 'h3=":443"; ma=2592000'}
Text: {"success":false,"error":"BadRequest","message":"Missing x-client headers."}
2026-05-20 18:26:09,987 - DEBUG - Request: <function put at 0x7f23ae9b8f70> https://habitica.com/api/v3/groups/party
2026-05-20 18:26:09,988 - ERROR - Getting party data failed: Status code 400
Headers: {'X-DNS-Prefetch-Control': 'off', 'X-Frame-Options': 'SAMEORIGIN', 'Strict-Transport-Security': 'max-age=15552000; includeSubDomains', 'X-Download-Options': 'noopen', 'X-Content-Type-Options': 'nosniff', 'X-XSS-Protection': '0', 'Access-Control-Allow-Origin': '*', 'Access-Control-Allow-Methods': 'OPTIONS,GET,POST,PUT,HEAD,DELETE', 'Access-Control-Allow-Headers': 'Authorization,Content-Type,Accept,Content-Encoding,X-Requested-With,x-api-user,x-api-key,x-client', 'Access-Control-Expose-Headers': 'X-RateLimit-Limit,X-RateLimit-Remaining,X-RateLimit-Reset,Retry-After', 'X-Powered-By': 'Express', 'X-RateLimit-Limit': '30', 'X-RateLimit-Remaining': '26', 'X-RateLimit-Reset': 'Wed May 20 2026 18:27:02 GMT+0000 (Coordinated Universal Time)', 'Cache-Control': 'no-store', 'Content-Type': 'application/json; charset=utf-8', 'Content-Length': '76', 'Vary': 'Accept-Encoding', 'Date': 'Wed, 20 May 2026 18:26:09 GMT', 'Via': '1.1 google', 'Alt-Svc': 'h3=":443"; ma=2592000,h3-29=":443"; ma=2592000'}
Text: {"success":false,"error":"BadRequest","message":"Missing x-client headers."}
2026-05-20 20:37:00,259 - INFO - # 16905
2026-05-20 20:37:01,197 - DEBUG - Request: <function get at 0x7f8ebb704d30> https://sentence.iciba.com/?c=dailysentence&m=getTodaySentence
2026-05-20 20:37:03,351 - DEBUG - Request: <function get at 0x7f8ebb704d30> https://habitica.com/api/v3/groups/party/members
2026-05-20 20:37:03,352 - ERROR - Getting party data failed: Status code 400
Headers: {'X-DNS-Prefetch-Control': 'off', 'X-Frame-Options': 'SAMEORIGIN', 'Strict-Transport-Security': 'max-age=15552000; includeSubDomains', 'X-Download-Options': 'noopen', 'X-Content-Type-Options': 'nosniff', 'X-XSS-Protection': '0', 'Access-Control-Allow-Origin': '*', 'Access-Control-Allow-Methods': 'OPTIONS,GET,POST,PUT,HEAD,DELETE', 'Access-Control-Allow-Headers': 'Authorization,Content-Type,Accept,Content-Encoding,X-Requested-With,x-api-user,x-api-key,x-client', 'Access-Control-Expose-Headers': 'X-RateLimit-Limit,X-RateLimit-Remaining,X-RateLimit-Reset,Retry-After', 'X-Powered-By': 'Express', 'X-RateLimit-Limit': '30', 'X-RateLimit-Remaining': '27', 'X-RateLimit-Reset': 'Wed May 20 2026 20:37:58 GMT+0000 (Coordinated Universal Time)', 'Cache-Control': 'no-store', 'Content-Type': 'application/json; charset=utf-8', 'Content-Length': '76', 'Vary': 'Accept-Encoding', 'Date': 'Wed, 20 May 2026 20:37:03 GMT', 'Via': '1.1 google', 'Alt-Svc': 'h3=":443"; ma=2592000'}
Text: {"success":false,"error":"BadRequest","message":"Missing x-client headers."}
2026-05-20 20:37:05,490 - DEBUG - Request: <function put at 0x7f8ebb704f70> https://habitica.com/api/v3/groups/party
2026-05-20 20:37:05,490 - ERROR - Getting party data failed: Status code 400
Headers: {'X-DNS-Prefetch-Control': 'off', 'X-Frame-Options': 'SAMEORIGIN', 'Strict-Transport-Security': 'max-age=15552000; includeSubDomains', 'X-Download-Options': 'noopen', 'X-Content-Type-Options': 'nosniff', 'X-XSS-Protection': '0', 'Access-Control-Allow-Origin': '*', 'Access-Control-Allow-Methods': 'OPTIONS,GET,POST,PUT,HEAD,DELETE', 'Access-Control-Allow-Headers': 'Authorization,Content-Type,Accept,Content-Encoding,X-Requested-With,x-api-user,x-api-key,x-client', 'Access-Control-Expose-Headers': 'X-RateLimit-Limit,X-RateLimit-Remaining,X-RateLimit-Reset,Retry-After', 'X-Powered-By': 'Express', 'X-RateLimit-Limit': '30', 'X-RateLimit-Remaining': '26', 'X-RateLimit-Reset': 'Wed May 20 2026 20:37:58 GMT+0000 (Coordinated Universal Time)', 'Cache-Control': 'no-store', 'Content-Type': 'application/json; charset=utf-8', 'Content-Length': '76', 'Vary': 'Accept-Encoding', 'Date': 'Wed, 20 May 2026 20:37:05 GMT', 'Via': '1.1 google', 'Alt-Svc': 'h3=":443"; ma=2592000'}
Text: {"success":false,"error":"BadRequest","message":"Missing x-client headers."}
2026-05-20 22:13:39,892 - INFO - # 16906
2026-05-20 22:13:40,756 - DEBUG - Request: <function get at 0x7ff97b6f4d30> https://sentence.iciba.com/?c=dailysentence&m=getTodaySentence
2026-05-20 22:13:42,826 - DEBUG - Request: <function get at 0x7ff97b6f4d30> https://habitica.com/api/v3/groups/party/members
2026-05-20 22:13:42,827 - ERROR - Getting party data failed: Status code 400
Headers: {'X-DNS-Prefetch-Control': 'off', 'X-Frame-Options': 'SAMEORIGIN', 'Strict-Transport-Security': 'max-age=15552000; includeSubDomains', 'X-Download-Options': 'noopen', 'X-Content-Type-Options': 'nosniff', 'X-XSS-Protection': '0', 'Access-Control-Allow-Origin': '*', 'Access-Control-Allow-Methods': 'OPTIONS,GET,POST,PUT,HEAD,DELETE', 'Access-Control-Allow-Headers': 'Authorization,Content-Type,Accept,Content-Encoding,X-Requested-With,x-api-user,x-api-key,x-client', 'Access-Control-Expose-Headers': 'X-RateLimit-Limit,X-RateLimit-Remaining,X-RateLimit-Reset,Retry-After', 'X-Powered-By': 'Express', 'X-RateLimit-Limit': '30', 'X-RateLimit-Remaining': '27', 'X-RateLimit-Reset': 'Wed May 20 2026 22:14:37 GMT+0000 (Coordinated Universal Time)', 'Cache-Control': 'no-store', 'Content-Type': 'application/json; charset=utf-8', 'Content-Length': '76', 'Vary': 'Accept-Encoding', 'Date': 'Wed, 20 May 2026 22:13:42 GMT', 'Via': '1.1 google', 'Alt-Svc': 'h3=":443"; ma=2592000'}
Text: {"success":false,"error":"BadRequest","message":"Missing x-client headers."}
2026-05-20 22:13:45,005 - DEBUG - Request: <function put at 0x7ff97b6f4f70> https://habitica.com/api/v3/groups/party
2026-05-20 22:13:45,005 - ERROR - Getting party data failed: Status code 400
Headers: {'X-DNS-Prefetch-Control': 'off', 'X-Frame-Options': 'SAMEORIGIN', 'Strict-Transport-Security': 'max-age=15552000; includeSubDomains', 'X-Download-Options': 'noopen', 'X-Content-Type-Options': 'nosniff', 'X-XSS-Protection': '0', 'Access-Control-Allow-Origin': '*', 'Access-Control-Allow-Methods': 'OPTIONS,GET,POST,PUT,HEAD,DELETE', 'Access-Control-Allow-Headers': 'Authorization,Content-Type,Accept,Content-Encoding,X-Requested-With,x-api-user,x-api-key,x-client', 'Access-Control-Expose-Headers': 'X-RateLimit-Limit,X-RateLimit-Remaining,X-RateLimit-Reset,Retry-After', 'X-Powered-By': 'Express', 'X-RateLimit-Limit': '30', 'X-RateLimit-Remaining': '26', 'X-RateLimit-Reset': 'Wed May 20 2026 22:14:37 GMT+0000 (Coordinated Universal Time)', 'Cache-Control': 'no-store', 'Content-Type': 'application/json; charset=utf-8', 'Content-Length': '76', 'Vary': 'Accept-Encoding', 'Date': 'Wed, 20 May 2026 22:13:44 GMT', 'Via': '1.1 google', 'Alt-Svc': 'h3=":443"; ma=2592000,h3-29=":443"; ma=2592000'}
Text: {"success":false,"error":"BadRequest","message":"Missing x-client headers."}
2026-05-20 23:40:30,563 - INFO - # 16907
2026-05-20 23:40:31,780 - DEBUG - Request: <function get at 0x7f8468626d30> https://sentence.iciba.com/?c=dailysentence&m=getTodaySentence
2026-05-20 23:40:33,955 - DEBUG - Request: <function get at 0x7f8468626d30> https://habitica.com/api/v3/groups/party/members
2026-05-20 23:40:33,955 - ERROR - Getting party data failed: Status code 400
Headers: {'X-DNS-Prefetch-Control': 'off', 'X-Frame-Options': 'SAMEORIGIN', 'Strict-Transport-Security': 'max-age=15552000; includeSubDomains', 'X-Download-Options': 'noopen', 'X-Content-Type-Options': 'nosniff', 'X-XSS-Protection': '0', 'Access-Control-Allow-Origin': '*', 'Access-Control-Allow-Methods': 'OPTIONS,GET,POST,PUT,HEAD,DELETE', 'Access-Control-Allow-Headers': 'Authorization,Content-Type,Accept,Content-Encoding,X-Requested-With,x-api-user,x-api-key,x-client', 'Access-Control-Expose-Headers': 'X-RateLimit-Limit,X-RateLimit-Remaining,X-RateLimit-Reset,Retry-After', 'X-Powered-By': 'Express', 'X-RateLimit-Limit': '30', 'X-RateLimit-Remaining': '26', 'X-RateLimit-Reset': 'Wed May 20 2026 23:41:21 GMT+0000 (Coordinated Universal Time)', 'Cache-Control': 'no-store', 'Content-Type': 'application/json; charset=utf-8', 'Content-Length': '76', 'Vary': 'Accept-Encoding', 'Date': 'Wed, 20 May 2026 23:40:33 GMT', 'Via': '1.1 google', 'Alt-Svc': 'h3=":443"; ma=2592000'}
Text: {"success":false,"error":"BadRequest","message":"Missing x-client headers."}
2026-05-20 23:40:36,082 - DEBUG - Request: <function put at 0x7f8468626f70> https://habitica.com/api/v3/groups/party
2026-05-20 23:40:36,082 - ERROR - Getting party data failed: Status code 400
Headers: {'X-DNS-Prefetch-Control': 'off', 'X-Frame-Options': 'SAMEORIGIN', 'Strict-Transport-Security': 'max-age=15552000; includeSubDomains', 'X-Download-Options': 'noopen', 'X-Content-Type-Options': 'nosniff', 'X-XSS-Protection': '0', 'Access-Control-Allow-Origin': '*', 'Access-Control-Allow-Methods': 'OPTIONS,GET,POST,PUT,HEAD,DELETE', 'Access-Control-Allow-Headers': 'Authorization,Content-Type,Accept,Content-Encoding,X-Requested-With,x-api-user,x-api-key,x-client', 'Access-Control-Expose-Headers': 'X-RateLimit-Limit,X-RateLimit-Remaining,X-RateLimit-Reset,Retry-After', 'X-Powered-By': 'Express', 'X-RateLimit-Limit': '30', 'X-RateLimit-Remaining': '25', 'X-RateLimit-Reset': 'Wed May 20 2026 23:41:21 GMT+0000 (Coordinated Universal Time)', 'Cache-Control': 'no-store', 'Content-Type': 'application/json; charset=utf-8', 'Content-Length': '76', 'Vary': 'Accept-Encoding', 'Date': 'Wed, 20 May 2026 23:40:36 GMT', 'Via': '1.1 google', 'Alt-Svc': 'h3=":443"; ma=2592000,h3-29=":443"; ma=2592000'}
Text: {"success":false,"error":"BadRequest","message":"Missing x-client headers."}
